<?xml version="1.0" encoding="UTF-8"?>
<robot generator="Robot 4.0 (Python 3.9.1 on win32)" generated="20210411 22:06:46.761" rpa="false" schemaversion="2">
<suite id="s1" name="homeTest" source="C:\RobotFramework\projectRobotWeb\Tests\Home\homeTest.robot">
<kw name="Start Session" library="Hooks" type="SETUP">
<kw name="Open Browser" library="SeleniumLibrary">
<arg>${BASE_URL}</arg>
<arg>${BROWSER}</arg>
<doc>Opens a new browser instance to the optional ``url``.</doc>
<msg timestamp="20210411 22:06:47.328" level="INFO">Opening browser 'firefox' to base url 'http://automationpractice.com/index.php'.</msg>
<msg timestamp="20210411 22:06:47.332" level="INFO">Firefox driver log is always forced to to: C:\RobotFramework\projectRobotWeb\Logs\geckodriver-45.log</msg>
<kw name="Capture Page Screenshot" library="SeleniumLibrary">
<doc>Takes a screenshot of the current page and embeds it into a log file.</doc>
<msg timestamp="20210411 22:07:47.510" level="INFO" html="true">&lt;/td&gt;&lt;/tr&gt;&lt;tr&gt;&lt;td colspan="3"&gt;&lt;a href="selenium-screenshot-129.png"&gt;&lt;img src="selenium-screenshot-129.png" width="800px"&gt;&lt;/a&gt;</msg>
<status status="PASS" starttime="20210411 22:07:47.456" endtime="20210411 22:07:47.510"/>
</kw>
<msg timestamp="20210411 22:07:47.572" level="FAIL">WebDriverException: Message: Reached error page: about:neterror?e=netTimeout&amp;u=http%3A//automationpractice.com/index.php&amp;c=UTF-8&amp;d=O%20servidor%20automationpractice.com%20demorou%20muito%20para%20responder.
</msg>
<status status="FAIL" starttime="20210411 22:06:47.327" endtime="20210411 22:07:47.572"/>
</kw>
<kw name="Set Window Size" library="SeleniumLibrary">
<arg>${WIDTH}</arg>
<arg>${HEIGHT}</arg>
<doc>Sets current windows size to given ``width`` and ``height``.</doc>
<status status="NOT RUN" starttime="20210411 22:07:47.572" endtime="20210411 22:07:47.572"/>
</kw>
<kw name="Set Selenium Implicit Wait" library="SeleniumLibrary">
<arg>${TIMEOUT}</arg>
<doc>Sets the implicit wait value used by Selenium.</doc>
<status status="NOT RUN" starttime="20210411 22:07:47.572" endtime="20210411 22:07:47.572"/>
</kw>
<kw name="Set Selenium Timeout" library="SeleniumLibrary">
<arg>${TIMEOUT}</arg>
<doc>Sets the timeout that is used by various keywords.</doc>
<status status="NOT RUN" starttime="20210411 22:07:47.572" endtime="20210411 22:07:47.573"/>
</kw>
<kw name="Title Should Be" library="SeleniumLibrary">
<arg>My Store</arg>
<doc>Verifies that the current page title equals ``title``.</doc>
<status status="NOT RUN" starttime="20210411 22:07:47.573" endtime="20210411 22:07:47.573"/>
</kw>
<status status="FAIL" starttime="20210411 22:06:47.327" endtime="20210411 22:07:47.573"/>
</kw>
<test id="s1-t1" name="Scenario18: Footer - Newsletter - invalid email - number">
<tag>doing</tag>
<status status="FAIL" starttime="20210411 22:07:47.573" endtime="20210411 22:07:47.574">Parent suite setup failed:
WebDriverException: Message: Reached error page: about:neterror?e=netTimeout&amp;u=http%3A//automationpractice.com/index.php&amp;c=UTF-8&amp;d=O%20servidor%20automationpractice.com%20demorou%20muito%20para%20responder.
</status>
</test>
<test id="s1-t2" name="Scenario19: Footer - Newsletter - invalid email - empty">
<tag>doing</tag>
<status status="FAIL" starttime="20210411 22:07:47.576" endtime="20210411 22:07:47.577">Parent suite setup failed:
WebDriverException: Message: Reached error page: about:neterror?e=netTimeout&amp;u=http%3A//automationpractice.com/index.php&amp;c=UTF-8&amp;d=O%20servidor%20automationpractice.com%20demorou%20muito%20para%20responder.
</status>
</test>
<test id="s1-t3" name="Scenario20: Footer - Newsletter - invalid email - wrong format">
<tag>doing</tag>
<status status="FAIL" starttime="20210411 22:07:47.578" endtime="20210411 22:07:47.579">Parent suite setup failed:
WebDriverException: Message: Reached error page: about:neterror?e=netTimeout&amp;u=http%3A//automationpractice.com/index.php&amp;c=UTF-8&amp;d=O%20servidor%20automationpractice.com%20demorou%20muito%20para%20responder.
</status>
</test>
<test id="s1-t4" name="Scenario21: Footer - Newsletter - invalid email - missing .com">
<tag>doing</tag>
<status status="FAIL" starttime="20210411 22:07:47.580" endtime="20210411 22:07:47.581">Parent suite setup failed:
WebDriverException: Message: Reached error page: about:neterror?e=netTimeout&amp;u=http%3A//automationpractice.com/index.php&amp;c=UTF-8&amp;d=O%20servidor%20automationpractice.com%20demorou%20muito%20para%20responder.
</status>
</test>
<test id="s1-t5" name="Scenario22: Footer - Newsletter - invalid email - missing information">
<tag>doing</tag>
<status status="FAIL" starttime="20210411 22:07:47.582" endtime="20210411 22:07:47.583">Parent suite setup failed:
WebDriverException: Message: Reached error page: about:neterror?e=netTimeout&amp;u=http%3A//automationpractice.com/index.php&amp;c=UTF-8&amp;d=O%20servidor%20automationpractice.com%20demorou%20muito%20para%20responder.
</status>
</test>
<kw name="Finish Session" library="Hooks" type="TEARDOWN">
<kw name="Capture Page Screenshot" library="SeleniumLibrary">
<doc>Takes a screenshot of the current page and embeds it into a log file.</doc>
<msg timestamp="20210411 22:07:47.631" level="INFO" html="true">&lt;/td&gt;&lt;/tr&gt;&lt;tr&gt;&lt;td colspan="3"&gt;&lt;a href="selenium-screenshot-130.png"&gt;&lt;img src="selenium-screenshot-130.png" width="800px"&gt;&lt;/a&gt;</msg>
<status status="PASS" starttime="20210411 22:07:47.585" endtime="20210411 22:07:47.631"/>
</kw>
<kw name="Close Browser" library="SeleniumLibrary">
<doc>Closes the current browser.</doc>
<status status="PASS" starttime="20210411 22:07:47.631" endtime="20210411 22:07:50.319"/>
</kw>
<status status="PASS" starttime="20210411 22:07:47.584" endtime="20210411 22:07:50.319"/>
</kw>
<doc>Home screen functionalities - Banners, Best offers, Navigation and Product sessions</doc>
<status status="FAIL" starttime="20210411 22:06:46.762" endtime="20210411 22:07:50.319">Suite setup failed:
WebDriverException: Message: Reached error page: about:neterror?e=netTimeout&amp;u=http%3A//automationpractice.com/index.php&amp;c=UTF-8&amp;d=O%20servidor%20automationpractice.com%20demorou%20muito%20para%20responder.
</status>
</suite>
<statistics>
<total>
<stat pass="0" fail="5" skip="0">All Tests</stat>
</total>
<tag>
<stat pass="0" fail="5" skip="0">doing</stat>
</tag>
<suite>
<stat pass="0" fail="5" skip="0" id="s1" name="homeTest">homeTest</stat>
</suite>
</statistics>
<errors>
</errors>
</robot>
