<?xml version="1.0" encoding="UTF-8"?>
<robot generator="Robot 4.0 (Python 3.9.1 on win32)" generated="20210421 00:20:17.317" rpa="false" schemaversion="2">
<suite id="s1" name="ContactUs" source="C:\RobotFramework\projectRobotWeb\Tests\ContactUs">
<suite id="s1-s1" name="contactUsTest" source="C:\RobotFramework\projectRobotWeb\Tests\ContactUs\contactUsTest.robot">
<kw name="Start Session" library="Hooks" type="SETUP">
<kw name="Open Browser" library="SeleniumLibrary">
<arg>${BASE_URL}</arg>
<arg>${BROWSER}</arg>
<doc>Opens a new browser instance to the optional ``url``.</doc>
<msg timestamp="20210421 00:20:17.834" level="INFO">Opening browser 'chrome' to base url 'http://automationpractice.com/index.php'.</msg>
<status status="PASS" starttime="20210421 00:20:17.834" endtime="20210421 00:20:31.563"/>
</kw>
<kw name="Set Window Size" library="SeleniumLibrary">
<arg>${WIDTH}</arg>
<arg>${HEIGHT}</arg>
<doc>Sets current windows size to given ``width`` and ``height``.</doc>
<status status="PASS" starttime="20210421 00:20:31.564" endtime="20210421 00:20:31.676"/>
</kw>
<kw name="Set Selenium Implicit Wait" library="SeleniumLibrary">
<arg>${TIMEOUT}</arg>
<doc>Sets the implicit wait value used by Selenium.</doc>
<status status="PASS" starttime="20210421 00:20:31.676" endtime="20210421 00:20:31.677"/>
</kw>
<kw name="Set Selenium Timeout" library="SeleniumLibrary">
<arg>${TIMEOUT}</arg>
<doc>Sets the timeout that is used by various keywords.</doc>
<status status="PASS" starttime="20210421 00:20:31.677" endtime="20210421 00:20:31.678"/>
</kw>
<kw name="Title Should Be" library="SeleniumLibrary">
<arg>My Store</arg>
<doc>Verifies that the current page title equals ``title``.</doc>
<msg timestamp="20210421 00:20:31.682" level="INFO">Page title is 'My Store'.</msg>
<status status="PASS" starttime="20210421 00:20:31.678" endtime="20210421 00:20:31.682"/>
</kw>
<status status="PASS" starttime="20210421 00:20:17.834" endtime="20210421 00:20:31.682"/>
</kw>
<test id="s1-s1-t1" name="Scenario1: Send a message">
<kw name="Given that I access the &quot;Contact us&quot; and check the header &quot;CUSTOMER SERVICE - CONTACT US&quot;" library="HomePage" sourcename="Given that I access the &quot;${page}&quot; and check the header &quot;${header}&quot;">
<kw name="home navigation bar" library="HomePage">
<arg>${page}</arg>
<arg>${header}</arg>
<kw name="When I access the navigation bar link &quot;${link}&quot;" library="HomePage" sourcename="When I access the navigation bar link &quot;${linkText}&quot;">
<kw name="Wait Until Element Is Visible" library="SeleniumLibrary">
<arg>xpath://nav//*[contains(text(), "${linkText}")]</arg>
<doc>Waits until the element ``locator`` is visible.</doc>
<status status="PASS" starttime="20210421 00:20:31.684" endtime="20210421 00:20:31.705"/>
</kw>
<kw name="Click Element" library="SeleniumLibrary">
<arg>xpath://nav//*[contains(text(), "${linkText}")]</arg>
<doc>Click the element identified by ``locator``.</doc>
<msg timestamp="20210421 00:20:31.705" level="INFO">Clicking element 'xpath://nav//*[contains(text(), "Contact us")]'.</msg>
<status status="PASS" starttime="20210421 00:20:31.705" endtime="20210421 00:20:39.254"/>
</kw>
<status status="PASS" starttime="20210421 00:20:31.684" endtime="20210421 00:20:39.254"/>
</kw>
<kw name="Then I must see the page with the header &quot;${textHeader}&quot;" library="HomePage" sourcename="Then I must see the page with the header &quot;${text}&quot;">
<kw name="Element Should Contain" library="SeleniumLibrary">
<arg>${pageHeader}</arg>
<arg>${text}</arg>
<doc>Verifies that element ``locator`` contains text ``expected``.</doc>
<msg timestamp="20210421 00:20:39.275" level="INFO">Element 'xpath://h1[contains(@class,"page-heading")]' contains text 'CUSTOMER SERVICE - CONTACT US'.</msg>
<status status="PASS" starttime="20210421 00:20:39.255" endtime="20210421 00:20:39.275"/>
</kw>
<status status="PASS" starttime="20210421 00:20:39.255" endtime="20210421 00:20:39.275"/>
</kw>
<status status="PASS" starttime="20210421 00:20:31.683" endtime="20210421 00:20:39.275"/>
</kw>
<status status="PASS" starttime="20210421 00:20:31.683" endtime="20210421 00:20:39.275"/>
</kw>
<kw name="When I send a message" library="ContactUsPage">
<kw name="And I have random data" library="Base">
<kw name="First Name" library="FakerLibrary">
<var>${FAKERFIRSTNAME}</var>
<msg timestamp="20210421 00:20:39.276" level="INFO">${FAKERFIRSTNAME} = Latoya</msg>
<status status="PASS" starttime="20210421 00:20:39.276" endtime="20210421 00:20:39.276"/>
</kw>
<kw name="Last Name" library="FakerLibrary">
<var>${FAKERLASTNAME}</var>
<msg timestamp="20210421 00:20:39.277" level="INFO">${FAKERLASTNAME} = Kelly</msg>
<status status="PASS" starttime="20210421 00:20:39.276" endtime="20210421 00:20:39.277"/>
</kw>
<kw name="Street Address" library="FakerLibrary">
<var>${FAKERADDRESS}</var>
<doc>:example '791 Crist Parks'</doc>
<msg timestamp="20210421 00:20:39.277" level="INFO">${FAKERADDRESS} = 21663 Lorraine Mount</msg>
<status status="PASS" starttime="20210421 00:20:39.277" endtime="20210421 00:20:39.277"/>
</kw>
<kw name="Password" library="FakerLibrary">
<var>${FAKERPASSWORD}</var>
<arg>length=10</arg>
<doc>Generate a random password of the specified ``length``.</doc>
<msg timestamp="20210421 00:20:39.277" level="INFO">${FAKERPASSWORD} = &amp;o5SbKYkYz</msg>
<status status="PASS" starttime="20210421 00:20:39.277" endtime="20210421 00:20:39.277"/>
</kw>
<kw name="Random Number" library="FakerLibrary">
<var>${FAKERPHONE}</var>
<arg>digits=9</arg>
<doc>Generate a random integer according to the following rules:</doc>
<msg timestamp="20210421 00:20:39.278" level="INFO">${FAKERPHONE} = 860898133</msg>
<status status="PASS" starttime="20210421 00:20:39.278" endtime="20210421 00:20:39.278"/>
</kw>
<kw name="Postalcode" library="FakerLibrary">
<var>${FAKERZIPCODE}</var>
<msg timestamp="20210421 00:20:39.278" level="INFO">${FAKERZIPCODE} = 73783</msg>
<status status="PASS" starttime="20210421 00:20:39.278" endtime="20210421 00:20:39.278"/>
</kw>
<kw name="City" library="FakerLibrary">
<var>${FAKERCITY}</var>
<doc>:example 'Sashabury'</doc>
<msg timestamp="20210421 00:20:39.278" level="INFO">${FAKERCITY} = North Sheila</msg>
<status status="PASS" starttime="20210421 00:20:39.278" endtime="20210421 00:20:39.278"/>
</kw>
<kw name="Randomize Nb Elements" library="FakerLibrary">
<var>${FAKERNUMBER}</var>
<arg>le=2</arg>
<arg>min=1</arg>
<arg>max=50</arg>
<doc>Generate a random integer near ``number`` according to the following rules:</doc>
<msg timestamp="20210421 00:20:39.279" level="INFO">${FAKERNUMBER} = 9</msg>
<status status="PASS" starttime="20210421 00:20:39.278" endtime="20210421 00:20:39.279"/>
</kw>
<kw name="Free Email" library="FakerLibrary">
<var>${FAKEREMAIL}</var>
<msg timestamp="20210421 00:20:39.279" level="INFO">${FAKEREMAIL} = adavis@gmail.com</msg>
<status status="PASS" starttime="20210421 00:20:39.279" endtime="20210421 00:20:39.279"/>
</kw>
<kw name="Randomize Nb Elements" library="FakerLibrary">
<var>${FAKEROPTION1OR2}</var>
<arg>le=1</arg>
<arg>min=0</arg>
<arg>max=2</arg>
<doc>Generate a random integer near ``number`` according to the following rules:</doc>
<msg timestamp="20210421 00:20:39.279" level="INFO">${FAKEROPTION1OR2} = 2</msg>
<status status="PASS" starttime="20210421 00:20:39.279" endtime="20210421 00:20:39.280"/>
</kw>
<kw name="Text" library="FakerLibrary">
<var>${FAKERTEXT}</var>
<arg>max_nb_chars=200</arg>
<doc>Generate a text string.</doc>
<msg timestamp="20210421 00:20:39.280" level="INFO">${FAKERTEXT} = White left my ago they individual radio. Base join free sure cut build protect. Drug war people. Avoid road defense hour.
Even create true meeting couple difficult establish.</msg>
<status status="PASS" starttime="20210421 00:20:39.280" endtime="20210421 00:20:39.280"/>
</kw>
<kw name="Set Global Variable" library="BuiltIn">
<arg>&amp;{FAKERDATA}</arg>
<arg>name=${FAKERFIRSTNAME}</arg>
<arg>lastName=${FAKERLASTNAME}</arg>
<arg>address=${FAKERADDRESS}</arg>
<arg>password=${FAKERPASSWORD}</arg>
<arg>phone=${FAKERPHONE}</arg>
<arg>zipCode=${FAKERZIPCODE}</arg>
<arg>city=${FAKERCITY}</arg>
<arg>randomNumber=${FAKERNUMBER}</arg>
<arg>email=${FAKEREMAIL}</arg>
<arg>randomOption=${FAKEROPTION1OR2}</arg>
<arg>text=${FAKERTEXT}</arg>
<doc>Makes a variable available globally in all tests and suites.</doc>
<msg timestamp="20210421 00:20:39.282" level="INFO">&amp;{FAKERDATA} = { name=Latoya | lastName=Kelly | address=21663 Lorraine Mount | password=&amp;o5SbKYkYz | phone=860898133 | zipCode=73783 | city=North Sheila | randomNumber=9 | email=adavis@gmail.com | randomOption=2 | t...</msg>
<status status="PASS" starttime="20210421 00:20:39.280" endtime="20210421 00:20:39.282"/>
</kw>
<status status="PASS" starttime="20210421 00:20:39.276" endtime="20210421 00:20:39.283"/>
</kw>
<kw name="Wait Until Element Is Visible" library="SeleniumLibrary">
<arg>${sendButton}</arg>
<doc>Waits until the element ``locator`` is visible.</doc>
<status status="PASS" starttime="20210421 00:20:39.283" endtime="20210421 00:20:39.303"/>
</kw>
<kw name="Select From List By Index" library="SeleniumLibrary">
<arg>${subjectHeadingDropdown}</arg>
<arg>${FAKERDATA}[randomOption]</arg>
<doc>Selects options from selection list ``locator`` by ``indexes``.</doc>
<msg timestamp="20210421 00:20:39.303" level="INFO">Selecting options from selection list 'id:id_contact' by index 2.</msg>
<status status="PASS" starttime="20210421 00:20:39.303" endtime="20210421 00:20:39.370"/>
</kw>
<kw name="Input Text" library="SeleniumLibrary">
<arg>${emailContactText}</arg>
<arg>${FAKERDATA}[email]</arg>
<doc>Types the given ``text`` into the text field identified by ``locator``.</doc>
<msg timestamp="20210421 00:20:39.370" level="INFO">Typing text 'adavis@gmail.com' into text field 'css:input#email'.</msg>
<status status="PASS" starttime="20210421 00:20:39.370" endtime="20210421 00:20:39.457"/>
</kw>
<kw name="Input Text" library="SeleniumLibrary">
<arg>${orderReferenceText}</arg>
<arg>${FAKERDATA}[randomNumber]</arg>
<doc>Types the given ``text`` into the text field identified by ``locator``.</doc>
<msg timestamp="20210421 00:20:39.458" level="INFO">Typing text '9' into text field 'id:id_order'.</msg>
<status status="PASS" starttime="20210421 00:20:39.458" endtime="20210421 00:20:39.529"/>
</kw>
<kw name="Input Text" library="SeleniumLibrary">
<arg>${messageTextArea}</arg>
<arg>${FAKERDATA}[text]</arg>
<doc>Types the given ``text`` into the text field identified by ``locator``.</doc>
<msg timestamp="20210421 00:20:39.529" level="INFO">Typing text 'White left my ago they individual radio. Base join free sure cut build protect. Drug war people. Avoid road defense hour.
Even create true meeting couple difficult establish.' into text field 'id:message'.</msg>
<status status="PASS" starttime="20210421 00:20:39.529" endtime="20210421 00:20:39.687"/>
</kw>
<kw name="Click Button" library="SeleniumLibrary">
<arg>${sendButton}</arg>
<doc>Clicks the button identified by ``locator``.</doc>
<msg timestamp="20210421 00:20:39.688" level="INFO">Clicking button 'id:submitMessage'.</msg>
<status status="PASS" starttime="20210421 00:20:39.688" endtime="20210421 00:20:42.532"/>
</kw>
<status status="PASS" starttime="20210421 00:20:39.276" endtime="20210421 00:20:42.532"/>
</kw>
<kw name="Then I must see a sucess alert with text: &quot;Your message has been successfully sent to our team.&quot;" library="HomePage" sourcename="Then I must see a sucess alert with text: &quot;${message}&quot;">
<kw name="Wait Until Element Is Visible" library="SeleniumLibrary">
<arg>${successAlert}</arg>
<doc>Waits until the element ``locator`` is visible.</doc>
<status status="PASS" starttime="20210421 00:20:42.533" endtime="20210421 00:20:42.555"/>
</kw>
<kw name="Element Should Contain" library="SeleniumLibrary">
<arg>${successAlert}</arg>
<arg>${message}</arg>
<doc>Verifies that element ``locator`` contains text ``expected``.</doc>
<msg timestamp="20210421 00:20:42.569" level="INFO">Element 'css:.alert-success' contains text 'Your message has been successfully sent to our team.'.</msg>
<status status="PASS" starttime="20210421 00:20:42.555" endtime="20210421 00:20:42.570"/>
</kw>
<status status="PASS" starttime="20210421 00:20:42.533" endtime="20210421 00:20:42.570"/>
</kw>
<tag>smoke</tag>
<status status="PASS" starttime="20210421 00:20:31.683" endtime="20210421 00:20:42.570"/>
</test>
<kw name="Finish Session" library="Hooks" type="TEARDOWN">
<kw name="Capture Page Screenshot" library="SeleniumLibrary">
<doc>Takes a screenshot of the current page and embeds it into a log file.</doc>
<msg timestamp="20210421 00:20:42.854" level="INFO" html="true">&lt;/td&gt;&lt;/tr&gt;&lt;tr&gt;&lt;td colspan="3"&gt;&lt;a href="selenium-screenshot-152.png"&gt;&lt;img src="selenium-screenshot-152.png" width="800px"&gt;&lt;/a&gt;</msg>
<status status="PASS" starttime="20210421 00:20:42.572" endtime="20210421 00:20:42.854"/>
</kw>
<kw name="Close Browser" library="SeleniumLibrary">
<doc>Closes the current browser.</doc>
<status status="PASS" starttime="20210421 00:20:42.854" endtime="20210421 00:20:44.963"/>
</kw>
<status status="PASS" starttime="20210421 00:20:42.572" endtime="20210421 00:20:44.963"/>
</kw>
<doc>Check Contact Us functionality</doc>
<status status="PASS" starttime="20210421 00:20:17.337" endtime="20210421 00:20:44.963"/>
</suite>
<status status="PASS" starttime="20210421 00:20:17.318" endtime="20210421 00:20:44.965"/>
</suite>
<statistics>
<total>
<stat pass="1" fail="0" skip="0">All Tests</stat>
</total>
<tag>
<stat pass="1" fail="0" skip="0">smoke</stat>
</tag>
<suite>
<stat pass="1" fail="0" skip="0" id="s1" name="ContactUs">ContactUs</stat>
<stat pass="1" fail="0" skip="0" id="s1-s1" name="contactUsTest">ContactUs.contactUsTest</stat>
</suite>
</statistics>
<errors>
</errors>
</robot>
