<?xml version="1.0" encoding="UTF-8"?>
<robot generator="Robot 4.0 (Python 3.9.1 on win32)" generated="20210410 20:30:30.286" rpa="false" schemaversion="2">
<suite id="s1" name="homeTest" source="C:\RobotFramework\projectRobotWeb\Tests\Home\homeTest.robot">
<kw name="Start Session" library="Hooks" type="SETUP">
<kw name="Open Browser" library="SeleniumLibrary">
<arg>${BASE_URL}</arg>
<arg>${BROWSER}</arg>
<doc>Opens a new browser instance to the optional ``url``.</doc>
<msg timestamp="20210410 20:30:30.816" level="INFO">Opening browser 'firefox' to base url 'http://automationpractice.com/index.php'.</msg>
<msg timestamp="20210410 20:30:30.819" level="INFO">Firefox driver log is always forced to to: C:\RobotFramework\projectRobotWeb\Logs\geckodriver-34.log</msg>
<status status="PASS" starttime="20210410 20:30:30.816" endtime="20210410 20:30:48.400"/>
</kw>
<kw name="Set Window Size" library="SeleniumLibrary">
<arg>${WIDTH}</arg>
<arg>${HEIGHT}</arg>
<doc>Sets current windows size to given ``width`` and ``height``.</doc>
<status status="PASS" starttime="20210410 20:30:48.400" endtime="20210410 20:30:48.424"/>
</kw>
<kw name="Set Selenium Implicit Wait" library="SeleniumLibrary">
<arg>${TIMEOUT}</arg>
<doc>Sets the implicit wait value used by Selenium.</doc>
<status status="PASS" starttime="20210410 20:30:48.424" endtime="20210410 20:30:48.427"/>
</kw>
<kw name="Set Selenium Timeout" library="SeleniumLibrary">
<arg>${TIMEOUT}</arg>
<doc>Sets the timeout that is used by various keywords.</doc>
<status status="PASS" starttime="20210410 20:30:48.427" endtime="20210410 20:30:48.429"/>
</kw>
<kw name="Title Should Be" library="SeleniumLibrary">
<arg>My Store</arg>
<doc>Verifies that the current page title equals ``title``.</doc>
<msg timestamp="20210410 20:30:48.431" level="INFO">Page title is 'My Store'.</msg>
<status status="PASS" starttime="20210410 20:30:48.429" endtime="20210410 20:30:48.431"/>
</kw>
<status status="PASS" starttime="20210410 20:30:30.815" endtime="20210410 20:30:48.431"/>
</kw>
<test id="s1-t1" name="Scenario13: Special category - Prestashop sponsorship">
<kw name="When I scroll down until the Special category" library="HomePage">
<kw name="Execute Javascript" library="SeleniumLibrary">
<arg>window.scrollTo(0,2000)</arg>
<doc>Executes the given JavaScript code with possible arguments.</doc>
<msg timestamp="20210410 20:30:48.433" level="INFO">Executing JavaScript:
window.scrollTo(0,2000)
Without any arguments.</msg>
<status status="PASS" starttime="20210410 20:30:48.433" endtime="20210410 20:30:48.438"/>
</kw>
<status status="PASS" starttime="20210410 20:30:48.432" endtime="20210410 20:30:48.438"/>
</kw>
<kw name="Then I must see all sponsorship area" library="HomePage">
<kw name="Element Should Be Visible" library="SeleniumLibrary">
<arg>${sponsorshipArea}</arg>
<doc>Verifies that the element identified by ``locator`` is visible.</doc>
<msg timestamp="20210410 20:30:48.458" level="INFO">Element 'css:#htmlcontent_home ul.htmlcontent-home.clearfix.row' is displayed.</msg>
<status status="PASS" starttime="20210410 20:30:48.439" endtime="20210410 20:30:48.458"/>
</kw>
<status status="PASS" starttime="20210410 20:30:48.438" endtime="20210410 20:30:48.458"/>
</kw>
<tag>doing</tag>
<status status="PASS" starttime="20210410 20:30:48.431" endtime="20210410 20:30:48.459"/>
</test>
<test id="s1-t2" name="Scenario14: Special category -Facebook">
<kw name="Then I must see the Facebook area" library="HomePage">
<kw name="Element Should Be Visible" library="SeleniumLibrary">
<arg>${facebookArea}</arg>
<doc>Verifies that the element identified by ``locator`` is visible.</doc>
<msg timestamp="20210410 20:30:48.479" level="INFO">Element 'id:facebook_block' is displayed.</msg>
<status status="PASS" starttime="20210410 20:30:48.462" endtime="20210410 20:30:48.480"/>
</kw>
<status status="PASS" starttime="20210410 20:30:48.461" endtime="20210410 20:30:48.480"/>
</kw>
<tag>doing</tag>
<status status="PASS" starttime="20210410 20:30:48.460" endtime="20210410 20:30:48.480"/>
</test>
<test id="s1-t3" name="Scenario15: About us">
<kw name="Then I must see the About us information" library="HomePage">
<kw name="Element Should Be Visible" library="SeleniumLibrary">
<arg>${aboutUsArea}</arg>
<doc>Verifies that the element identified by ``locator`` is visible.</doc>
<msg timestamp="20210410 20:30:48.497" level="INFO">Element 'id:cmsinfo_block' is displayed.</msg>
<status status="PASS" starttime="20210410 20:30:48.482" endtime="20210410 20:30:48.497"/>
</kw>
<status status="PASS" starttime="20210410 20:30:48.482" endtime="20210410 20:30:48.497"/>
</kw>
<tag>doing</tag>
<status status="PASS" starttime="20210410 20:30:48.482" endtime="20210410 20:30:48.498"/>
</test>
<kw name="Finish Session" library="Hooks" type="TEARDOWN">
<kw name="Capture Page Screenshot" library="SeleniumLibrary">
<doc>Takes a screenshot of the current page and embeds it into a log file.</doc>
<msg timestamp="20210410 20:30:48.599" level="INFO" html="true">&lt;/td&gt;&lt;/tr&gt;&lt;tr&gt;&lt;td colspan="3"&gt;&lt;a href="selenium-screenshot-118.png"&gt;&lt;img src="selenium-screenshot-118.png" width="800px"&gt;&lt;/a&gt;</msg>
<status status="PASS" starttime="20210410 20:30:48.499" endtime="20210410 20:30:48.600"/>
</kw>
<kw name="Close Browser" library="SeleniumLibrary">
<doc>Closes the current browser.</doc>
<status status="PASS" starttime="20210410 20:30:48.600" endtime="20210410 20:30:49.306"/>
</kw>
<status status="PASS" starttime="20210410 20:30:48.499" endtime="20210410 20:30:49.306"/>
</kw>
<doc>Home screen functionalities - Banners, Best offers, Navigation and Product sessions</doc>
<status status="PASS" starttime="20210410 20:30:30.288" endtime="20210410 20:30:49.306"/>
</suite>
<statistics>
<total>
<stat pass="3" fail="0" skip="0">All Tests</stat>
</total>
<tag>
<stat pass="3" fail="0" skip="0">doing</stat>
</tag>
<suite>
<stat pass="3" fail="0" skip="0" id="s1" name="homeTest">homeTest</stat>
</suite>
</statistics>
<errors>
</errors>
</robot>
