<?xml version="1.0" encoding="UTF-8"?>
<robot generator="Robot 4.0 (Python 3.9.1 on win32)" generated="20210410 15:04:52.245" rpa="false" schemaversion="2">
<suite id="s1" name="homeTest" source="C:\RobotFramework\projectRobotWeb\Tests\Home\homeTest.robot">
<kw name="Start Session" library="Hooks" type="SETUP">
<kw name="Open Browser" library="SeleniumLibrary">
<arg>${BASE_URL}</arg>
<arg>${BROWSER}</arg>
<doc>Opens a new browser instance to the optional ``url``.</doc>
<msg timestamp="20210410 15:04:52.513" level="INFO">Opening browser 'firefox' to base url 'http://automationpractice.com/index.php'.</msg>
<msg timestamp="20210410 15:04:52.516" level="INFO">Firefox driver log is always forced to to: C:\RobotFramework\projectRobotWeb\Logs\geckodriver-13.log</msg>
<status status="PASS" starttime="20210410 15:04:52.513" endtime="20210410 15:05:04.705"/>
</kw>
<kw name="Set Window Size" library="SeleniumLibrary">
<arg>${WIDTH}</arg>
<arg>${HEIGHT}</arg>
<doc>Sets current windows size to given ``width`` and ``height``.</doc>
<status status="PASS" starttime="20210410 15:05:04.705" endtime="20210410 15:05:04.726"/>
</kw>
<kw name="Set Selenium Implicit Wait" library="SeleniumLibrary">
<arg>${TIMEOUT}</arg>
<doc>Sets the implicit wait value used by Selenium.</doc>
<status status="PASS" starttime="20210410 15:05:04.726" endtime="20210410 15:05:04.728"/>
</kw>
<kw name="Set Selenium Timeout" library="SeleniumLibrary">
<arg>${TIMEOUT}</arg>
<doc>Sets the timeout that is used by various keywords.</doc>
<status status="PASS" starttime="20210410 15:05:04.728" endtime="20210410 15:05:04.731"/>
</kw>
<kw name="Title Should Be" library="SeleniumLibrary">
<arg>My Store</arg>
<doc>Verifies that the current page title equals ``title``.</doc>
<msg timestamp="20210410 15:05:04.734" level="INFO">Page title is 'My Store'.</msg>
<status status="PASS" starttime="20210410 15:05:04.731" endtime="20210410 15:05:04.734"/>
</kw>
<status status="PASS" starttime="20210410 15:04:52.512" endtime="20210410 15:05:04.734"/>
</kw>
<test id="s1-t1" name="Scenario8: Product Menu - navigation Women">
<kw name="Product Menu Navigation" library="HomePage">
<arg>Women</arg>
<arg>T-shirts</arg>
<kw name="When I navigate in the product menu &quot;${category}&quot;" library="HomePage" sourcename="When I navigate in the product menu &quot;${category}&quot;">
<kw name="Mouse Over" library="SeleniumLibrary">
<arg>xpath://ul[contains(@class,'menu-content')]//a[contains(text(), '${category}')]</arg>
<doc>Simulates hovering the mouse over the element ``locator``.</doc>
<msg timestamp="20210410 15:05:04.735" level="INFO">Simulating Mouse Over on element 'xpath://ul[contains(@class,'menu-content')]//a[contains(text(), 'Women')]'.</msg>
<status status="PASS" starttime="20210410 15:05:04.735" endtime="20210410 15:05:05.009"/>
</kw>
<status status="PASS" starttime="20210410 15:05:04.735" endtime="20210410 15:05:05.009"/>
</kw>
<kw name="and I submit an option &quot;${subItem}&quot;" library="HomePage" sourcename="and I submit an option &quot;${item}&quot;">
<kw name="Wait Until Element Is Visible" library="SeleniumLibrary">
<arg>xpath://ul[contains(@class,'menu-content')]//ul//a[contains(@title, '${item}')]</arg>
<doc>Waits until the element ``locator`` is visible.</doc>
<status status="PASS" starttime="20210410 15:05:05.009" endtime="20210410 15:05:05.237"/>
</kw>
<kw name="Wait Until Element Is Enabled" library="SeleniumLibrary">
<arg>xpath://ul[contains(@class,'menu-content')]//ul//a[contains(@title, '${item}')]</arg>
<doc>Waits until the element ``locator`` is enabled.</doc>
<status status="PASS" starttime="20210410 15:05:05.237" endtime="20210410 15:05:05.252"/>
</kw>
<kw name="Click Element" library="SeleniumLibrary">
<arg>xpath://ul[contains(@class,'menu-content')]//ul//a[contains(@title, '${item}')]</arg>
<doc>Click the element identified by ``locator``.</doc>
<msg timestamp="20210410 15:05:05.253" level="INFO">Clicking element 'xpath://ul[contains(@class,'menu-content')]//ul//a[contains(@title, 'T-shirts')]'.</msg>
<status status="PASS" starttime="20210410 15:05:05.252" endtime="20210410 15:05:07.633"/>
</kw>
<kw name="Set Test Variable" library="BuiltIn">
<arg>${item}</arg>
<doc>Makes a variable available everywhere within the scope of the current test.</doc>
<msg timestamp="20210410 15:05:07.634" level="INFO">${item} = T-shirts</msg>
<status status="PASS" starttime="20210410 15:05:07.633" endtime="20210410 15:05:07.634"/>
</kw>
<status status="PASS" starttime="20210410 15:05:05.009" endtime="20210410 15:05:07.634"/>
</kw>
<kw name="Then I must see the results" library="SearchPage">
<kw name="Wait Until Element Is Visible" library="SeleniumLibrary">
<arg>${searchResults}</arg>
<doc>Waits until the element ``locator`` is visible.</doc>
<status status="PASS" starttime="20210410 15:05:07.634" endtime="20210410 15:05:07.650"/>
</kw>
<kw name="Element Should Be Visible" library="SeleniumLibrary">
<arg>${resultList}</arg>
<doc>Verifies that the element identified by ``locator`` is visible.</doc>
<msg timestamp="20210410 15:05:07.664" level="INFO">Element 'css:.product_list.grid.row' is displayed.</msg>
<status status="PASS" starttime="20210410 15:05:07.650" endtime="20210410 15:05:07.664"/>
</kw>
<kw name="Element Should Be Visible" library="SeleniumLibrary">
<arg>xpath://span[contains(text(),"${item}")]</arg>
<doc>Verifies that the element identified by ``locator`` is visible.</doc>
<msg timestamp="20210410 15:05:07.678" level="INFO">Element 'xpath://span[contains(text(),"T-shirts")]' is displayed.</msg>
<status status="PASS" starttime="20210410 15:05:07.665" endtime="20210410 15:05:07.679"/>
</kw>
<status status="PASS" starttime="20210410 15:05:07.634" endtime="20210410 15:05:07.679"/>
</kw>
<status status="PASS" starttime="20210410 15:05:04.735" endtime="20210410 15:05:07.679"/>
</kw>
<tag>doing</tag>
<status status="PASS" starttime="20210410 15:05:04.734" endtime="20210410 15:05:07.679"/>
</test>
<test id="s1-t2" name="Scenario9: Product Menu - navigation Women">
<kw name="Product Menu Navigation" library="HomePage">
<arg>Women</arg>
<arg>Blouses</arg>
<kw name="When I navigate in the product menu &quot;${category}&quot;" library="HomePage" sourcename="When I navigate in the product menu &quot;${category}&quot;">
<kw name="Mouse Over" library="SeleniumLibrary">
<arg>xpath://ul[contains(@class,'menu-content')]//a[contains(text(), '${category}')]</arg>
<doc>Simulates hovering the mouse over the element ``locator``.</doc>
<msg timestamp="20210410 15:05:07.682" level="INFO">Simulating Mouse Over on element 'xpath://ul[contains(@class,'menu-content')]//a[contains(text(), 'Women')]'.</msg>
<status status="PASS" starttime="20210410 15:05:07.682" endtime="20210410 15:05:07.952"/>
</kw>
<status status="PASS" starttime="20210410 15:05:07.682" endtime="20210410 15:05:07.952"/>
</kw>
<kw name="and I submit an option &quot;${subItem}&quot;" library="HomePage" sourcename="and I submit an option &quot;${item}&quot;">
<kw name="Wait Until Element Is Visible" library="SeleniumLibrary">
<arg>xpath://ul[contains(@class,'menu-content')]//ul//a[contains(@title, '${item}')]</arg>
<doc>Waits until the element ``locator`` is visible.</doc>
<status status="PASS" starttime="20210410 15:05:07.952" endtime="20210410 15:05:08.179"/>
</kw>
<kw name="Wait Until Element Is Enabled" library="SeleniumLibrary">
<arg>xpath://ul[contains(@class,'menu-content')]//ul//a[contains(@title, '${item}')]</arg>
<doc>Waits until the element ``locator`` is enabled.</doc>
<status status="PASS" starttime="20210410 15:05:08.179" endtime="20210410 15:05:08.192"/>
</kw>
<kw name="Click Element" library="SeleniumLibrary">
<arg>xpath://ul[contains(@class,'menu-content')]//ul//a[contains(@title, '${item}')]</arg>
<doc>Click the element identified by ``locator``.</doc>
<msg timestamp="20210410 15:05:08.193" level="INFO">Clicking element 'xpath://ul[contains(@class,'menu-content')]//ul//a[contains(@title, 'Blouses')]'.</msg>
<status status="PASS" starttime="20210410 15:05:08.192" endtime="20210410 15:05:09.963"/>
</kw>
<kw name="Set Test Variable" library="BuiltIn">
<arg>${item}</arg>
<doc>Makes a variable available everywhere within the scope of the current test.</doc>
<msg timestamp="20210410 15:05:09.963" level="INFO">${item} = Blouses</msg>
<status status="PASS" starttime="20210410 15:05:09.963" endtime="20210410 15:05:09.963"/>
</kw>
<status status="PASS" starttime="20210410 15:05:07.952" endtime="20210410 15:05:09.964"/>
</kw>
<kw name="Then I must see the results" library="SearchPage">
<kw name="Wait Until Element Is Visible" library="SeleniumLibrary">
<arg>${searchResults}</arg>
<doc>Waits until the element ``locator`` is visible.</doc>
<status status="PASS" starttime="20210410 15:05:09.964" endtime="20210410 15:05:09.980"/>
</kw>
<kw name="Element Should Be Visible" library="SeleniumLibrary">
<arg>${resultList}</arg>
<doc>Verifies that the element identified by ``locator`` is visible.</doc>
<msg timestamp="20210410 15:05:09.994" level="INFO">Element 'css:.product_list.grid.row' is displayed.</msg>
<status status="PASS" starttime="20210410 15:05:09.980" endtime="20210410 15:05:09.994"/>
</kw>
<kw name="Element Should Be Visible" library="SeleniumLibrary">
<arg>xpath://span[contains(text(),"${item}")]</arg>
<doc>Verifies that the element identified by ``locator`` is visible.</doc>
<msg timestamp="20210410 15:05:10.008" level="INFO">Element 'xpath://span[contains(text(),"Blouses")]' is displayed.</msg>
<status status="PASS" starttime="20210410 15:05:09.994" endtime="20210410 15:05:10.008"/>
</kw>
<status status="PASS" starttime="20210410 15:05:09.964" endtime="20210410 15:05:10.008"/>
</kw>
<status status="PASS" starttime="20210410 15:05:07.681" endtime="20210410 15:05:10.008"/>
</kw>
<tag>doing</tag>
<status status="PASS" starttime="20210410 15:05:07.681" endtime="20210410 15:05:10.009"/>
</test>
<test id="s1-t3" name="Scenario10: Product Menu - navigation Women">
<kw name="Product Menu Navigation" library="HomePage">
<arg>Women</arg>
<arg>Casual Dresses</arg>
<kw name="When I navigate in the product menu &quot;${category}&quot;" library="HomePage" sourcename="When I navigate in the product menu &quot;${category}&quot;">
<kw name="Mouse Over" library="SeleniumLibrary">
<arg>xpath://ul[contains(@class,'menu-content')]//a[contains(text(), '${category}')]</arg>
<doc>Simulates hovering the mouse over the element ``locator``.</doc>
<msg timestamp="20210410 15:05:10.012" level="INFO">Simulating Mouse Over on element 'xpath://ul[contains(@class,'menu-content')]//a[contains(text(), 'Women')]'.</msg>
<status status="PASS" starttime="20210410 15:05:10.011" endtime="20210410 15:05:10.278"/>
</kw>
<status status="PASS" starttime="20210410 15:05:10.011" endtime="20210410 15:05:10.278"/>
</kw>
<kw name="and I submit an option &quot;${subItem}&quot;" library="HomePage" sourcename="and I submit an option &quot;${item}&quot;">
<kw name="Wait Until Element Is Visible" library="SeleniumLibrary">
<arg>xpath://ul[contains(@class,'menu-content')]//ul//a[contains(@title, '${item}')]</arg>
<doc>Waits until the element ``locator`` is visible.</doc>
<status status="PASS" starttime="20210410 15:05:10.278" endtime="20210410 15:05:10.507"/>
</kw>
<kw name="Wait Until Element Is Enabled" library="SeleniumLibrary">
<arg>xpath://ul[contains(@class,'menu-content')]//ul//a[contains(@title, '${item}')]</arg>
<doc>Waits until the element ``locator`` is enabled.</doc>
<status status="PASS" starttime="20210410 15:05:10.507" endtime="20210410 15:05:10.518"/>
</kw>
<kw name="Click Element" library="SeleniumLibrary">
<arg>xpath://ul[contains(@class,'menu-content')]//ul//a[contains(@title, '${item}')]</arg>
<doc>Click the element identified by ``locator``.</doc>
<msg timestamp="20210410 15:05:10.519" level="INFO">Clicking element 'xpath://ul[contains(@class,'menu-content')]//ul//a[contains(@title, 'Casual Dresses')]'.</msg>
<status status="PASS" starttime="20210410 15:05:10.518" endtime="20210410 15:05:12.520"/>
</kw>
<kw name="Set Test Variable" library="BuiltIn">
<arg>${item}</arg>
<doc>Makes a variable available everywhere within the scope of the current test.</doc>
<msg timestamp="20210410 15:05:12.521" level="INFO">${item} = Casual Dresses</msg>
<status status="PASS" starttime="20210410 15:05:12.520" endtime="20210410 15:05:12.521"/>
</kw>
<status status="PASS" starttime="20210410 15:05:10.278" endtime="20210410 15:05:12.521"/>
</kw>
<kw name="Then I must see the results" library="SearchPage">
<kw name="Wait Until Element Is Visible" library="SeleniumLibrary">
<arg>${searchResults}</arg>
<doc>Waits until the element ``locator`` is visible.</doc>
<status status="PASS" starttime="20210410 15:05:12.521" endtime="20210410 15:05:12.542"/>
</kw>
<kw name="Element Should Be Visible" library="SeleniumLibrary">
<arg>${resultList}</arg>
<doc>Verifies that the element identified by ``locator`` is visible.</doc>
<msg timestamp="20210410 15:05:12.555" level="INFO">Element 'css:.product_list.grid.row' is displayed.</msg>
<status status="PASS" starttime="20210410 15:05:12.542" endtime="20210410 15:05:12.555"/>
</kw>
<kw name="Element Should Be Visible" library="SeleniumLibrary">
<arg>xpath://span[contains(text(),"${item}")]</arg>
<doc>Verifies that the element identified by ``locator`` is visible.</doc>
<msg timestamp="20210410 15:05:12.573" level="INFO">Element 'xpath://span[contains(text(),"Casual Dresses")]' is displayed.</msg>
<status status="PASS" starttime="20210410 15:05:12.555" endtime="20210410 15:05:12.573"/>
</kw>
<status status="PASS" starttime="20210410 15:05:12.521" endtime="20210410 15:05:12.573"/>
</kw>
<status status="PASS" starttime="20210410 15:05:10.011" endtime="20210410 15:05:12.573"/>
</kw>
<tag>doing</tag>
<status status="PASS" starttime="20210410 15:05:10.010" endtime="20210410 15:05:12.574"/>
</test>
<test id="s1-t4" name="Scenario11: Product Menu - navigation Women">
<kw name="Product Menu Navigation" library="HomePage">
<arg>Women</arg>
<arg>Evening Dresses</arg>
<kw name="When I navigate in the product menu &quot;${category}&quot;" library="HomePage" sourcename="When I navigate in the product menu &quot;${category}&quot;">
<kw name="Mouse Over" library="SeleniumLibrary">
<arg>xpath://ul[contains(@class,'menu-content')]//a[contains(text(), '${category}')]</arg>
<doc>Simulates hovering the mouse over the element ``locator``.</doc>
<msg timestamp="20210410 15:05:12.576" level="INFO">Simulating Mouse Over on element 'xpath://ul[contains(@class,'menu-content')]//a[contains(text(), 'Women')]'.</msg>
<status status="PASS" starttime="20210410 15:05:12.576" endtime="20210410 15:05:12.847"/>
</kw>
<status status="PASS" starttime="20210410 15:05:12.576" endtime="20210410 15:05:12.847"/>
</kw>
<kw name="and I submit an option &quot;${subItem}&quot;" library="HomePage" sourcename="and I submit an option &quot;${item}&quot;">
<kw name="Wait Until Element Is Visible" library="SeleniumLibrary">
<arg>xpath://ul[contains(@class,'menu-content')]//ul//a[contains(@title, '${item}')]</arg>
<doc>Waits until the element ``locator`` is visible.</doc>
<status status="PASS" starttime="20210410 15:05:12.848" endtime="20210410 15:05:13.072"/>
</kw>
<kw name="Wait Until Element Is Enabled" library="SeleniumLibrary">
<arg>xpath://ul[contains(@class,'menu-content')]//ul//a[contains(@title, '${item}')]</arg>
<doc>Waits until the element ``locator`` is enabled.</doc>
<status status="PASS" starttime="20210410 15:05:13.073" endtime="20210410 15:05:13.083"/>
</kw>
<kw name="Click Element" library="SeleniumLibrary">
<arg>xpath://ul[contains(@class,'menu-content')]//ul//a[contains(@title, '${item}')]</arg>
<doc>Click the element identified by ``locator``.</doc>
<msg timestamp="20210410 15:05:13.083" level="INFO">Clicking element 'xpath://ul[contains(@class,'menu-content')]//ul//a[contains(@title, 'Evening Dresses')]'.</msg>
<status status="PASS" starttime="20210410 15:05:13.083" endtime="20210410 15:05:14.843"/>
</kw>
<kw name="Set Test Variable" library="BuiltIn">
<arg>${item}</arg>
<doc>Makes a variable available everywhere within the scope of the current test.</doc>
<msg timestamp="20210410 15:05:14.844" level="INFO">${item} = Evening Dresses</msg>
<status status="PASS" starttime="20210410 15:05:14.843" endtime="20210410 15:05:14.844"/>
</kw>
<status status="PASS" starttime="20210410 15:05:12.847" endtime="20210410 15:05:14.844"/>
</kw>
<kw name="Then I must see the results" library="SearchPage">
<kw name="Wait Until Element Is Visible" library="SeleniumLibrary">
<arg>${searchResults}</arg>
<doc>Waits until the element ``locator`` is visible.</doc>
<status status="PASS" starttime="20210410 15:05:14.845" endtime="20210410 15:05:14.858"/>
</kw>
<kw name="Element Should Be Visible" library="SeleniumLibrary">
<arg>${resultList}</arg>
<doc>Verifies that the element identified by ``locator`` is visible.</doc>
<msg timestamp="20210410 15:05:14.873" level="INFO">Element 'css:.product_list.grid.row' is displayed.</msg>
<status status="PASS" starttime="20210410 15:05:14.858" endtime="20210410 15:05:14.873"/>
</kw>
<kw name="Element Should Be Visible" library="SeleniumLibrary">
<arg>xpath://span[contains(text(),"${item}")]</arg>
<doc>Verifies that the element identified by ``locator`` is visible.</doc>
<msg timestamp="20210410 15:05:14.887" level="INFO">Element 'xpath://span[contains(text(),"Evening Dresses")]' is displayed.</msg>
<status status="PASS" starttime="20210410 15:05:14.873" endtime="20210410 15:05:14.887"/>
</kw>
<status status="PASS" starttime="20210410 15:05:14.844" endtime="20210410 15:05:14.887"/>
</kw>
<status status="PASS" starttime="20210410 15:05:12.576" endtime="20210410 15:05:14.887"/>
</kw>
<tag>doing</tag>
<status status="PASS" starttime="20210410 15:05:12.575" endtime="20210410 15:05:14.888"/>
</test>
<test id="s1-t5" name="Scenario12: Product Menu - navigation Women">
<kw name="Product Menu Navigation" library="HomePage">
<arg>Women</arg>
<arg>Summer Dresses</arg>
<kw name="When I navigate in the product menu &quot;${category}&quot;" library="HomePage" sourcename="When I navigate in the product menu &quot;${category}&quot;">
<kw name="Mouse Over" library="SeleniumLibrary">
<arg>xpath://ul[contains(@class,'menu-content')]//a[contains(text(), '${category}')]</arg>
<doc>Simulates hovering the mouse over the element ``locator``.</doc>
<msg timestamp="20210410 15:05:14.890" level="INFO">Simulating Mouse Over on element 'xpath://ul[contains(@class,'menu-content')]//a[contains(text(), 'Women')]'.</msg>
<status status="PASS" starttime="20210410 15:05:14.890" endtime="20210410 15:05:15.156"/>
</kw>
<status status="PASS" starttime="20210410 15:05:14.890" endtime="20210410 15:05:15.156"/>
</kw>
<kw name="and I submit an option &quot;${subItem}&quot;" library="HomePage" sourcename="and I submit an option &quot;${item}&quot;">
<kw name="Wait Until Element Is Visible" library="SeleniumLibrary">
<arg>xpath://ul[contains(@class,'menu-content')]//ul//a[contains(@title, '${item}')]</arg>
<doc>Waits until the element ``locator`` is visible.</doc>
<status status="PASS" starttime="20210410 15:05:15.157" endtime="20210410 15:05:15.390"/>
</kw>
<kw name="Wait Until Element Is Enabled" library="SeleniumLibrary">
<arg>xpath://ul[contains(@class,'menu-content')]//ul//a[contains(@title, '${item}')]</arg>
<doc>Waits until the element ``locator`` is enabled.</doc>
<status status="PASS" starttime="20210410 15:05:15.390" endtime="20210410 15:05:15.401"/>
</kw>
<kw name="Click Element" library="SeleniumLibrary">
<arg>xpath://ul[contains(@class,'menu-content')]//ul//a[contains(@title, '${item}')]</arg>
<doc>Click the element identified by ``locator``.</doc>
<msg timestamp="20210410 15:05:15.401" level="INFO">Clicking element 'xpath://ul[contains(@class,'menu-content')]//ul//a[contains(@title, 'Summer Dresses')]'.</msg>
<status status="PASS" starttime="20210410 15:05:15.401" endtime="20210410 15:05:18.372"/>
</kw>
<kw name="Set Test Variable" library="BuiltIn">
<arg>${item}</arg>
<doc>Makes a variable available everywhere within the scope of the current test.</doc>
<msg timestamp="20210410 15:05:18.372" level="INFO">${item} = Summer Dresses</msg>
<status status="PASS" starttime="20210410 15:05:18.372" endtime="20210410 15:05:18.372"/>
</kw>
<status status="PASS" starttime="20210410 15:05:15.156" endtime="20210410 15:05:18.372"/>
</kw>
<kw name="Then I must see the results" library="SearchPage">
<kw name="Wait Until Element Is Visible" library="SeleniumLibrary">
<arg>${searchResults}</arg>
<doc>Waits until the element ``locator`` is visible.</doc>
<status status="PASS" starttime="20210410 15:05:18.373" endtime="20210410 15:05:18.387"/>
</kw>
<kw name="Element Should Be Visible" library="SeleniumLibrary">
<arg>${resultList}</arg>
<doc>Verifies that the element identified by ``locator`` is visible.</doc>
<msg timestamp="20210410 15:05:18.401" level="INFO">Element 'css:.product_list.grid.row' is displayed.</msg>
<status status="PASS" starttime="20210410 15:05:18.388" endtime="20210410 15:05:18.401"/>
</kw>
<kw name="Element Should Be Visible" library="SeleniumLibrary">
<arg>xpath://span[contains(text(),"${item}")]</arg>
<doc>Verifies that the element identified by ``locator`` is visible.</doc>
<msg timestamp="20210410 15:05:18.429" level="INFO">Element 'xpath://span[contains(text(),"Summer Dresses")]' is displayed.</msg>
<status status="PASS" starttime="20210410 15:05:18.401" endtime="20210410 15:05:18.429"/>
</kw>
<status status="PASS" starttime="20210410 15:05:18.372" endtime="20210410 15:05:18.430"/>
</kw>
<status status="PASS" starttime="20210410 15:05:14.889" endtime="20210410 15:05:18.430"/>
</kw>
<tag>doing</tag>
<status status="PASS" starttime="20210410 15:05:14.889" endtime="20210410 15:05:18.430"/>
</test>
<kw name="Finish Session" library="Hooks" type="TEARDOWN">
<kw name="Capture Page Screenshot" library="SeleniumLibrary">
<doc>Takes a screenshot of the current page and embeds it into a log file.</doc>
<msg timestamp="20210410 15:05:18.534" level="INFO" html="true">&lt;/td&gt;&lt;/tr&gt;&lt;tr&gt;&lt;td colspan="3"&gt;&lt;a href="selenium-screenshot-84.png"&gt;&lt;img src="selenium-screenshot-84.png" width="800px"&gt;&lt;/a&gt;</msg>
<status status="PASS" starttime="20210410 15:05:18.432" endtime="20210410 15:05:18.534"/>
</kw>
<kw name="Close Browser" library="SeleniumLibrary">
<doc>Closes the current browser.</doc>
<status status="PASS" starttime="20210410 15:05:18.534" endtime="20210410 15:05:19.251"/>
</kw>
<status status="PASS" starttime="20210410 15:05:18.432" endtime="20210410 15:05:19.251"/>
</kw>
<doc>Home screen functionalities - Banners, Best offers, Navigation and Product sessions</doc>
<status status="PASS" starttime="20210410 15:04:52.247" endtime="20210410 15:05:19.251"/>
</suite>
<statistics>
<total>
<stat pass="5" fail="0" skip="0">All Tests</stat>
</total>
<tag>
<stat pass="5" fail="0" skip="0">doing</stat>
</tag>
<suite>
<stat pass="5" fail="0" skip="0" id="s1" name="homeTest">homeTest</stat>
</suite>
</statistics>
<errors>
</errors>
</robot>
