<?xml version="1.0" encoding="UTF-8"?>
<robot generator="Robot 4.0 (Python 3.9.1 on win32)" generated="20210417 23:25:45.347" rpa="false" schemaversion="2">
<suite id="s1" name="SignIn" source="C:\RobotFramework\projectRobotWeb\Tests\SignIn">
<suite id="s1-s1" name="signInTest" source="C:\RobotFramework\projectRobotWeb\Tests\SignIn\signInTest.robot">
<test id="s1-s1-t1" name="Scenario1: Register a new user">
<kw name="Start Session" library="Hooks" type="SETUP">
<kw name="Open Browser" library="SeleniumLibrary">
<arg>${BASE_URL}</arg>
<arg>${BROWSER}</arg>
<doc>Opens a new browser instance to the optional ``url``.</doc>
<msg timestamp="20210417 23:25:45.905" level="INFO">Opening browser 'chrome' to base url 'http://automationpractice.com/index.php'.</msg>
<status status="PASS" starttime="20210417 23:25:45.905" endtime="20210417 23:25:53.569"/>
</kw>
<kw name="Set Window Size" library="SeleniumLibrary">
<arg>${WIDTH}</arg>
<arg>${HEIGHT}</arg>
<doc>Sets current windows size to given ``width`` and ``height``.</doc>
<status status="PASS" starttime="20210417 23:25:53.569" endtime="20210417 23:25:53.685"/>
</kw>
<kw name="Set Selenium Implicit Wait" library="SeleniumLibrary">
<arg>${TIMEOUT}</arg>
<doc>Sets the implicit wait value used by Selenium.</doc>
<status status="PASS" starttime="20210417 23:25:53.685" endtime="20210417 23:25:53.686"/>
</kw>
<kw name="Set Selenium Timeout" library="SeleniumLibrary">
<arg>${TIMEOUT}</arg>
<doc>Sets the timeout that is used by various keywords.</doc>
<status status="PASS" starttime="20210417 23:25:53.686" endtime="20210417 23:25:53.688"/>
</kw>
<kw name="Title Should Be" library="SeleniumLibrary">
<arg>My Store</arg>
<doc>Verifies that the current page title equals ``title``.</doc>
<msg timestamp="20210417 23:25:53.691" level="INFO">Page title is 'My Store'.</msg>
<status status="PASS" starttime="20210417 23:25:53.688" endtime="20210417 23:25:53.691"/>
</kw>
<status status="PASS" starttime="20210417 23:25:45.904" endtime="20210417 23:25:53.692"/>
</kw>
<kw name="home navigation bar" library="HomePage">
<arg>Sign in</arg>
<arg>AUTHENTICATION</arg>
<kw name="When I access the navigation bar link &quot;${link}&quot;" library="HomePage" sourcename="When I access the navigation bar link &quot;${linkText}&quot;">
<kw name="Wait Until Element Is Visible" library="SeleniumLibrary">
<arg>xpath://nav//*[contains(text(), "${linkText}")]</arg>
<doc>Waits until the element ``locator`` is visible.</doc>
<status status="PASS" starttime="20210417 23:25:53.693" endtime="20210417 23:25:53.713"/>
</kw>
<kw name="Click Element" library="SeleniumLibrary">
<arg>xpath://nav//*[contains(text(), "${linkText}")]</arg>
<doc>Click the element identified by ``locator``.</doc>
<msg timestamp="20210417 23:25:53.713" level="INFO">Clicking element 'xpath://nav//*[contains(text(), "Sign in")]'.</msg>
<status status="PASS" starttime="20210417 23:25:53.713" endtime="20210417 23:25:55.808"/>
</kw>
<status status="PASS" starttime="20210417 23:25:53.692" endtime="20210417 23:25:55.808"/>
</kw>
<kw name="Then I must see the page with the header &quot;${textHeader}&quot;" library="HomePage" sourcename="Then I must see the page with the header &quot;${text}&quot;">
<kw name="Element Should Contain" library="SeleniumLibrary">
<arg>${pageHeader}</arg>
<arg>${text}</arg>
<doc>Verifies that element ``locator`` contains text ``expected``.</doc>
<msg timestamp="20210417 23:25:55.832" level="INFO">Element 'xpath://h1[contains(@class,"page-heading")]' contains text 'AUTHENTICATION'.</msg>
<status status="PASS" starttime="20210417 23:25:55.809" endtime="20210417 23:25:55.832"/>
</kw>
<status status="PASS" starttime="20210417 23:25:55.809" endtime="20210417 23:25:55.832"/>
</kw>
<status status="PASS" starttime="20210417 23:25:53.692" endtime="20210417 23:25:55.832"/>
</kw>
<kw name="When I submit a valid random email" library="SignInPage">
<kw name="Free Email" library="FakerLibrary">
<var>${email}</var>
<msg timestamp="20210417 23:25:55.833" level="INFO">${email} = kristinstewart@yahoo.com</msg>
<status status="PASS" starttime="20210417 23:25:55.833" endtime="20210417 23:25:55.833"/>
</kw>
<kw name="Input Text" library="SeleniumLibrary">
<arg>${emailText}</arg>
<arg>${email}</arg>
<doc>Types the given ``text`` into the text field identified by ``locator``.</doc>
<msg timestamp="20210417 23:25:55.834" level="INFO">Typing text 'kristinstewart@yahoo.com' into text field 'id:email_create'.</msg>
<status status="PASS" starttime="20210417 23:25:55.833" endtime="20210417 23:25:55.941"/>
</kw>
<kw name="Click Button" library="SeleniumLibrary">
<arg>${createAccountButton}</arg>
<doc>Clicks the button identified by ``locator``.</doc>
<msg timestamp="20210417 23:25:55.941" level="INFO">Clicking button 'id:SubmitCreate'.</msg>
<status status="PASS" starttime="20210417 23:25:55.941" endtime="20210417 23:25:56.010"/>
</kw>
<status status="PASS" starttime="20210417 23:25:55.833" endtime="20210417 23:25:56.010"/>
</kw>
<kw name="And I submit all personal information" library="SignInPage">
<kw name="Wait Until Element Is Visible" library="SeleniumLibrary">
<arg>${firstNameText}</arg>
<doc>Waits until the element ``locator`` is visible.</doc>
<status status="PASS" starttime="20210417 23:25:56.011" endtime="20210417 23:25:57.424"/>
</kw>
<kw name="And I have random data" library="SignInPage">
<kw name="First Name" library="FakerLibrary">
<var>${FAKERFIRSTNAME}</var>
<msg timestamp="20210417 23:25:57.425" level="INFO">${FAKERFIRSTNAME} = Aaron</msg>
<status status="PASS" starttime="20210417 23:25:57.425" endtime="20210417 23:25:57.425"/>
</kw>
<kw name="Last Name" library="FakerLibrary">
<var>${FAKERLASTNAME}</var>
<msg timestamp="20210417 23:25:57.425" level="INFO">${FAKERLASTNAME} = Padilla</msg>
<status status="PASS" starttime="20210417 23:25:57.425" endtime="20210417 23:25:57.425"/>
</kw>
<kw name="Street Address" library="FakerLibrary">
<var>${FAKERADDRESS}</var>
<doc>:example '791 Crist Parks'</doc>
<msg timestamp="20210417 23:25:57.426" level="INFO">${FAKERADDRESS} = 36274 Perry Valley</msg>
<status status="PASS" starttime="20210417 23:25:57.425" endtime="20210417 23:25:57.426"/>
</kw>
<kw name="Password" library="FakerLibrary">
<var>${FAKERPASSWORD}</var>
<arg>length=10</arg>
<doc>Generate a random password of the specified ``length``.</doc>
<msg timestamp="20210417 23:25:57.426" level="INFO">${FAKERPASSWORD} = (7pyQRac41</msg>
<status status="PASS" starttime="20210417 23:25:57.426" endtime="20210417 23:25:57.426"/>
</kw>
<kw name="Random Number" library="FakerLibrary">
<var>${FAKERPHONE}</var>
<arg>digits=9</arg>
<doc>Generate a random integer according to the following rules:</doc>
<msg timestamp="20210417 23:25:57.426" level="INFO">${FAKERPHONE} = 821715288</msg>
<status status="PASS" starttime="20210417 23:25:57.426" endtime="20210417 23:25:57.426"/>
</kw>
<kw name="Postalcode" library="FakerLibrary">
<var>${FAKERZIPCODE}</var>
<msg timestamp="20210417 23:25:57.427" level="INFO">${FAKERZIPCODE} = 33377</msg>
<status status="PASS" starttime="20210417 23:25:57.427" endtime="20210417 23:25:57.427"/>
</kw>
<kw name="City" library="FakerLibrary">
<var>${FAKERCITY}</var>
<doc>:example 'Sashabury'</doc>
<msg timestamp="20210417 23:25:57.427" level="INFO">${FAKERCITY} = Robertburgh</msg>
<status status="PASS" starttime="20210417 23:25:57.427" endtime="20210417 23:25:57.427"/>
</kw>
<kw name="Randomize Nb Elements" library="FakerLibrary">
<var>${FAKERNUMBER}</var>
<arg>le=2</arg>
<arg>min=1</arg>
<arg>max=50</arg>
<doc>Generate a random integer near ``number`` according to the following rules:</doc>
<msg timestamp="20210417 23:25:57.427" level="INFO">${FAKERNUMBER} = 7</msg>
<status status="PASS" starttime="20210417 23:25:57.427" endtime="20210417 23:25:57.427"/>
</kw>
<kw name="Set Test Variable" library="BuiltIn">
<arg>&amp;{FAKERDATA}</arg>
<arg>name=${FAKERFIRSTNAME}</arg>
<arg>lastName=${FAKERLASTNAME}</arg>
<arg>address=${FAKERADDRESS}</arg>
<arg>password=${FAKERPASSWORD}</arg>
<arg>phone=${FAKERPHONE}</arg>
<arg>zipCode=${FAKERZIPCODE}</arg>
<arg>city=${FAKERCITY}</arg>
<arg>randomNumber=${FAKERNUMBER}</arg>
<doc>Makes a variable available everywhere within the scope of the current test.</doc>
<msg timestamp="20210417 23:25:57.429" level="INFO">&amp;{FAKERDATA} = { name=Aaron | lastName=Padilla | address=36274 Perry Valley | password=(7pyQRac41 | phone=821715288 | zipCode=33377 | city=Robertburgh | randomNumber=7 }</msg>
<status status="PASS" starttime="20210417 23:25:57.427" endtime="20210417 23:25:57.429"/>
</kw>
<status status="PASS" starttime="20210417 23:25:57.424" endtime="20210417 23:25:57.430"/>
</kw>
<kw name="Input Text" library="SeleniumLibrary">
<arg>${firstNameText}</arg>
<arg>${FAKERDATA}[name]</arg>
<doc>Types the given ``text`` into the text field identified by ``locator``.</doc>
<msg timestamp="20210417 23:25:57.430" level="INFO">Typing text 'Aaron' into text field 'id:customer_firstname'.</msg>
<status status="PASS" starttime="20210417 23:25:57.430" endtime="20210417 23:25:57.513"/>
</kw>
<kw name="Input Text" library="SeleniumLibrary">
<arg>${LastNameText}</arg>
<arg>${FAKERDATA}[lastName]</arg>
<doc>Types the given ``text`` into the text field identified by ``locator``.</doc>
<msg timestamp="20210417 23:25:57.514" level="INFO">Typing text 'Padilla' into text field 'id:customer_lastname'.</msg>
<status status="PASS" starttime="20210417 23:25:57.514" endtime="20210417 23:25:57.604"/>
</kw>
<kw name="Input Text" library="SeleniumLibrary">
<arg>${addressText}</arg>
<arg>${FAKERDATA}[address]</arg>
<doc>Types the given ``text`` into the text field identified by ``locator``.</doc>
<msg timestamp="20210417 23:25:57.604" level="INFO">Typing text '36274 Perry Valley' into text field 'id:address1'.</msg>
<status status="PASS" starttime="20210417 23:25:57.604" endtime="20210417 23:25:57.685"/>
</kw>
<kw name="Input Text" library="SeleniumLibrary">
<arg>${passwordText}</arg>
<arg>${FAKERDATA}[password]</arg>
<doc>Types the given ``text`` into the text field identified by ``locator``.</doc>
<msg timestamp="20210417 23:25:57.685" level="INFO">Typing text '(7pyQRac41' into text field 'id:passwd'.</msg>
<status status="PASS" starttime="20210417 23:25:57.685" endtime="20210417 23:25:57.810"/>
</kw>
<kw name="Input Text" library="SeleniumLibrary">
<arg>${mobilePhoneText}</arg>
<arg>${FAKERDATA}[phone]</arg>
<doc>Types the given ``text`` into the text field identified by ``locator``.</doc>
<msg timestamp="20210417 23:25:57.811" level="INFO">Typing text '821715288' into text field 'id:phone_mobile'.</msg>
<status status="PASS" starttime="20210417 23:25:57.811" endtime="20210417 23:25:57.909"/>
</kw>
<kw name="Input Text" library="SeleniumLibrary">
<arg>${portalCodeText}</arg>
<arg>${FAKERDATA}[zipCode]</arg>
<doc>Types the given ``text`` into the text field identified by ``locator``.</doc>
<msg timestamp="20210417 23:25:57.909" level="INFO">Typing text '33377' into text field 'id:postcode'.</msg>
<status status="PASS" starttime="20210417 23:25:57.909" endtime="20210417 23:25:58.133"/>
</kw>
<kw name="Input Text" library="SeleniumLibrary">
<arg>${cityText}</arg>
<arg>${FAKERDATA}[city]</arg>
<doc>Types the given ``text`` into the text field identified by ``locator``.</doc>
<msg timestamp="20210417 23:25:58.134" level="INFO">Typing text 'Robertburgh' into text field 'id:city'.</msg>
<status status="PASS" starttime="20210417 23:25:58.133" endtime="20210417 23:25:58.221"/>
</kw>
<kw name="Select From List By Value" library="SeleniumLibrary">
<arg>${stateDropdown}</arg>
<arg>${FAKERDATA}[randomNumber]</arg>
<doc>Selects options from selection list ``locator`` by ``values``.</doc>
<msg timestamp="20210417 23:25:58.221" level="INFO">Selecting options from selection list 'id:id_state' by value 7.</msg>
<status status="PASS" starttime="20210417 23:25:58.221" endtime="20210417 23:25:58.287"/>
</kw>
<kw name="Click Element" library="SeleniumLibrary">
<arg>${registerButton}</arg>
<doc>Click the element identified by ``locator``.</doc>
<msg timestamp="20210417 23:25:58.287" level="INFO">Clicking element 'id:submitAccount'.</msg>
<status status="PASS" starttime="20210417 23:25:58.287" endtime="20210417 23:26:00.326"/>
</kw>
<status status="PASS" starttime="20210417 23:25:56.011" endtime="20210417 23:26:00.326"/>
</kw>
<kw name="Then I must see my account area" library="SignInPage">
<kw name="Wait Until Element Is Visible" library="SeleniumLibrary">
<arg>${infoAccountLabel}</arg>
<doc>Waits until the element ``locator`` is visible.</doc>
<status status="PASS" starttime="20210417 23:26:00.327" endtime="20210417 23:26:00.354"/>
</kw>
<kw name="Element Should Contain" library="SeleniumLibrary">
<arg>${infoAccountLabel}</arg>
<arg>Welcome to your account</arg>
<doc>Verifies that element ``locator`` contains text ``expected``.</doc>
<msg timestamp="20210417 23:26:00.372" level="INFO">Element 'class:info-account' contains text 'Welcome to your account'.</msg>
<status status="PASS" starttime="20210417 23:26:00.354" endtime="20210417 23:26:00.372"/>
</kw>
<status status="PASS" starttime="20210417 23:26:00.326" endtime="20210417 23:26:00.372"/>
</kw>
<kw name="Finish Session" library="Hooks" type="TEARDOWN">
<kw name="Capture Page Screenshot" library="SeleniumLibrary">
<doc>Takes a screenshot of the current page and embeds it into a log file.</doc>
<msg timestamp="20210417 23:26:00.708" level="INFO" html="true">&lt;/td&gt;&lt;/tr&gt;&lt;tr&gt;&lt;td colspan="3"&gt;&lt;a href="selenium-screenshot-76.png"&gt;&lt;img src="selenium-screenshot-76.png" width="800px"&gt;&lt;/a&gt;</msg>
<status status="PASS" starttime="20210417 23:26:00.374" endtime="20210417 23:26:00.708"/>
</kw>
<kw name="Close Browser" library="SeleniumLibrary">
<doc>Closes the current browser.</doc>
<status status="PASS" starttime="20210417 23:26:00.708" endtime="20210417 23:26:02.890"/>
</kw>
<status status="PASS" starttime="20210417 23:26:00.373" endtime="20210417 23:26:02.890"/>
</kw>
<status status="PASS" starttime="20210417 23:25:45.904" endtime="20210417 23:26:02.891"/>
</test>
<doc>Check Search functionality</doc>
<status status="PASS" starttime="20210417 23:25:45.368" endtime="20210417 23:26:02.901"/>
</suite>
<status status="PASS" starttime="20210417 23:25:45.348" endtime="20210417 23:26:02.903"/>
</suite>
<statistics>
<total>
<stat pass="1" fail="0" skip="0">All Tests</stat>
</total>
<tag>
</tag>
<suite>
<stat pass="1" fail="0" skip="0" id="s1" name="SignIn">SignIn</stat>
<stat pass="1" fail="0" skip="0" id="s1-s1" name="signInTest">SignIn.signInTest</stat>
</suite>
</statistics>
<errors>
</errors>
</robot>
