<?xml version="1.0" encoding="UTF-8"?>
<robot generator="Robot 4.0 (Python 3.9.1 on win32)" generated="20210426 01:15:53.066" rpa="false" schemaversion="2">
<suite id="s1" name="Dashboard" source="C:\RobotFramework\projectRobotWeb\Tests\SignIn\dashboard.robot">
<kw name="Start Session" library="Hooks" type="SETUP">
<kw name="Open Browser" library="SeleniumLibrary">
<arg>${BASE_URL}</arg>
<arg>${BROWSER}</arg>
<doc>Opens a new browser instance to the optional ``url``.</doc>
<msg timestamp="20210426 01:15:53.595" level="INFO">Opening browser 'chrome' to base url 'http://automationpractice.com/index.php'.</msg>
<status status="PASS" starttime="20210426 01:15:53.595" endtime="20210426 01:16:03.201"/>
</kw>
<kw name="Set Window Size" library="SeleniumLibrary">
<arg>${WIDTH}</arg>
<arg>${HEIGHT}</arg>
<doc>Sets current windows size to given ``width`` and ``height``.</doc>
<status status="PASS" starttime="20210426 01:16:03.202" endtime="20210426 01:16:03.314"/>
</kw>
<kw name="Set Selenium Implicit Wait" library="SeleniumLibrary">
<arg>${TIMEOUT}</arg>
<doc>Sets the implicit wait value used by Selenium.</doc>
<status status="PASS" starttime="20210426 01:16:03.314" endtime="20210426 01:16:03.315"/>
</kw>
<kw name="Set Selenium Timeout" library="SeleniumLibrary">
<arg>${TIMEOUT}</arg>
<doc>Sets the timeout that is used by various keywords.</doc>
<status status="PASS" starttime="20210426 01:16:03.316" endtime="20210426 01:16:03.317"/>
</kw>
<kw name="Title Should Be" library="SeleniumLibrary">
<arg>My Store</arg>
<doc>Verifies that the current page title equals ``title``.</doc>
<msg timestamp="20210426 01:16:03.321" level="INFO">Page title is 'My Store'.</msg>
<status status="PASS" starttime="20210426 01:16:03.317" endtime="20210426 01:16:03.321"/>
</kw>
<status status="PASS" starttime="20210426 01:15:53.595" endtime="20210426 01:16:03.321"/>
</kw>
<test id="s1-t1" name="Scenario1: Dashboard - Order history and details">
<kw name="login with" library="SignInPage" type="SETUP">
<arg>${USERLOGIN}</arg>
<arg>${USERPASSWORD}</arg>
<kw name="Access login" library="SignInPage">
<arg>${USERLOGIN}</arg>
<arg>${USERPASSWORD}</arg>
<kw name="Given that I access the &quot;Sign in&quot; and check the header &quot;AUTHENTICATION&quot;" library="HomePage" sourcename="Given that I access the &quot;${page}&quot; and check the header &quot;${header}&quot;">
<kw name="home navigation bar" library="HomePage">
<arg>${page}</arg>
<arg>${header}</arg>
<kw name="When I access the navigation bar link &quot;${link}&quot;" library="HomePage" sourcename="When I access the navigation bar link &quot;${linkText}&quot;">
<kw name="Wait Until Element Is Visible" library="SeleniumLibrary">
<arg>xpath://nav//*[contains(text(), "${linkText}")]</arg>
<doc>Waits until the element ``locator`` is visible.</doc>
<status status="PASS" starttime="20210426 01:16:03.324" endtime="20210426 01:16:03.345"/>
</kw>
<kw name="Click Element" library="SeleniumLibrary">
<arg>xpath://nav//*[contains(text(), "${linkText}")]</arg>
<doc>Click the element identified by ``locator``.</doc>
<msg timestamp="20210426 01:16:03.346" level="INFO">Clicking element 'xpath://nav//*[contains(text(), "Sign in")]'.</msg>
<status status="PASS" starttime="20210426 01:16:03.345" endtime="20210426 01:16:05.311"/>
</kw>
<status status="PASS" starttime="20210426 01:16:03.323" endtime="20210426 01:16:05.311"/>
</kw>
<kw name="Then I must see the page with the header &quot;${textHeader}&quot;" library="HomePage" sourcename="Then I must see the page with the header &quot;${text}&quot;">
<kw name="Element Should Contain" library="SeleniumLibrary">
<arg>${pageHeader}</arg>
<arg>${text}</arg>
<doc>Verifies that element ``locator`` contains text ``expected``.</doc>
<msg timestamp="20210426 01:16:05.335" level="INFO">Element 'xpath://h1[contains(@class,"page-subheading")] | //h1[contains(@class,"page-heading")]' contains text 'AUTHENTICATION'.</msg>
<status status="PASS" starttime="20210426 01:16:05.311" endtime="20210426 01:16:05.335"/>
</kw>
<status status="PASS" starttime="20210426 01:16:05.311" endtime="20210426 01:16:05.335"/>
</kw>
<status status="PASS" starttime="20210426 01:16:03.323" endtime="20210426 01:16:05.335"/>
</kw>
<status status="PASS" starttime="20210426 01:16:03.323" endtime="20210426 01:16:05.335"/>
</kw>
<kw name="When I submit use &quot;${email}&quot; and password &quot;${passssword}&quot;" library="SignInPage" sourcename="When I submit use &quot;${login}&quot; and password &quot;${password}&quot;">
<kw name="Input Text" library="SeleniumLibrary">
<arg>${emailLoginText}</arg>
<arg>${login}</arg>
<doc>Types the given ``text`` into the text field identified by ``locator``.</doc>
<msg timestamp="20210426 01:16:05.336" level="INFO">Typing text 'telverneck@hotmail.com' into text field 'id:email'.</msg>
<status status="PASS" starttime="20210426 01:16:05.336" endtime="20210426 01:16:05.470"/>
</kw>
<kw name="Input Text" library="SeleniumLibrary">
<arg>${passwordLoginText}</arg>
<arg>${password}</arg>
<doc>Types the given ``text`` into the text field identified by ``locator``.</doc>
<msg timestamp="20210426 01:16:05.470" level="INFO">Typing text '123456' into text field 'id:passwd'.</msg>
<status status="PASS" starttime="20210426 01:16:05.470" endtime="20210426 01:16:05.573"/>
</kw>
<kw name="Click Element" library="SeleniumLibrary">
<arg>${signInButton}</arg>
<doc>Click the element identified by ``locator``.</doc>
<msg timestamp="20210426 01:16:05.573" level="INFO">Clicking element 'id:SubmitLogin'.</msg>
<status status="PASS" starttime="20210426 01:16:05.573" endtime="20210426 01:16:07.898"/>
</kw>
<status status="PASS" starttime="20210426 01:16:05.335" endtime="20210426 01:16:07.898"/>
</kw>
<status status="PASS" starttime="20210426 01:16:03.323" endtime="20210426 01:16:07.899"/>
</kw>
<kw name="Then I must see my account area" library="SignInPage">
<kw name="Wait Until Element Is Visible" library="SeleniumLibrary">
<arg>${infoAccountLabel}</arg>
<doc>Waits until the element ``locator`` is visible.</doc>
<status status="PASS" starttime="20210426 01:16:07.899" endtime="20210426 01:16:07.923"/>
</kw>
<kw name="Element Should Contain" library="SeleniumLibrary">
<arg>${infoAccountLabel}</arg>
<arg>Welcome to your account</arg>
<doc>Verifies that element ``locator`` contains text ``expected``.</doc>
<msg timestamp="20210426 01:16:07.937" level="INFO">Element 'class:info-account' contains text 'Welcome to your account'.</msg>
<status status="PASS" starttime="20210426 01:16:07.923" endtime="20210426 01:16:07.938"/>
</kw>
<status status="PASS" starttime="20210426 01:16:07.899" endtime="20210426 01:16:07.938"/>
</kw>
<status status="PASS" starttime="20210426 01:16:03.322" endtime="20210426 01:16:07.938"/>
</kw>
<kw name="Go To Dashboard Option" library="SignInPage">
<arg>Order history and details</arg>
<arg>ORDER HISTORY</arg>
<kw name="When I access &quot;${option}&quot; option from my account" library="SignInPage" sourcename="When I access &quot;${myAccountOption}&quot; option from my account">
<kw name="Click Element" library="SeleniumLibrary">
<arg>xpath://ul[@class='myaccount-link-list']//span[contains(text(), '${myAccountOption}')]</arg>
<doc>Click the element identified by ``locator``.</doc>
<msg timestamp="20210426 01:16:07.939" level="INFO">Clicking element 'xpath://ul[@class='myaccount-link-list']//span[contains(text(), 'Order history and details')]'.</msg>
<status status="PASS" starttime="20210426 01:16:07.939" endtime="20210426 01:16:09.684"/>
</kw>
<status status="PASS" starttime="20210426 01:16:07.939" endtime="20210426 01:16:09.684"/>
</kw>
<kw name="Then I must see the page with the header &quot;${headerText}&quot;" library="HomePage" sourcename="Then I must see the page with the header &quot;${text}&quot;">
<kw name="Element Should Contain" library="SeleniumLibrary">
<arg>${pageHeader}</arg>
<arg>${text}</arg>
<doc>Verifies that element ``locator`` contains text ``expected``.</doc>
<msg timestamp="20210426 01:16:09.705" level="INFO">Element 'xpath://h1[contains(@class,"page-subheading")] | //h1[contains(@class,"page-heading")]' contains text 'ORDER HISTORY'.</msg>
<status status="PASS" starttime="20210426 01:16:09.685" endtime="20210426 01:16:09.706"/>
</kw>
<status status="PASS" starttime="20210426 01:16:09.685" endtime="20210426 01:16:09.706"/>
</kw>
<status status="PASS" starttime="20210426 01:16:07.938" endtime="20210426 01:16:09.706"/>
</kw>
<kw name="Sign out" library="SignInPage" type="TEARDOWN">
<kw name="Given that I access the &quot;Sign out&quot; and check the header &quot;AUTHENTICATION&quot;" library="HomePage" sourcename="Given that I access the &quot;${page}&quot; and check the header &quot;${header}&quot;">
<kw name="home navigation bar" library="HomePage">
<arg>${page}</arg>
<arg>${header}</arg>
<kw name="When I access the navigation bar link &quot;${link}&quot;" library="HomePage" sourcename="When I access the navigation bar link &quot;${linkText}&quot;">
<kw name="Wait Until Element Is Visible" library="SeleniumLibrary">
<arg>xpath://nav//*[contains(text(), "${linkText}")]</arg>
<doc>Waits until the element ``locator`` is visible.</doc>
<status status="PASS" starttime="20210426 01:16:09.708" endtime="20210426 01:16:09.730"/>
</kw>
<kw name="Click Element" library="SeleniumLibrary">
<arg>xpath://nav//*[contains(text(), "${linkText}")]</arg>
<doc>Click the element identified by ``locator``.</doc>
<msg timestamp="20210426 01:16:09.730" level="INFO">Clicking element 'xpath://nav//*[contains(text(), "Sign out")]'.</msg>
<status status="PASS" starttime="20210426 01:16:09.730" endtime="20210426 01:16:12.473"/>
</kw>
<status status="PASS" starttime="20210426 01:16:09.708" endtime="20210426 01:16:12.474"/>
</kw>
<kw name="Then I must see the page with the header &quot;${textHeader}&quot;" library="HomePage" sourcename="Then I must see the page with the header &quot;${text}&quot;">
<kw name="Element Should Contain" library="SeleniumLibrary">
<arg>${pageHeader}</arg>
<arg>${text}</arg>
<doc>Verifies that element ``locator`` contains text ``expected``.</doc>
<msg timestamp="20210426 01:16:12.494" level="INFO">Element 'xpath://h1[contains(@class,"page-subheading")] | //h1[contains(@class,"page-heading")]' contains text 'AUTHENTICATION'.</msg>
<status status="PASS" starttime="20210426 01:16:12.474" endtime="20210426 01:16:12.494"/>
</kw>
<status status="PASS" starttime="20210426 01:16:12.474" endtime="20210426 01:16:12.494"/>
</kw>
<status status="PASS" starttime="20210426 01:16:09.707" endtime="20210426 01:16:12.494"/>
</kw>
<status status="PASS" starttime="20210426 01:16:09.707" endtime="20210426 01:16:12.494"/>
</kw>
<status status="PASS" starttime="20210426 01:16:09.706" endtime="20210426 01:16:12.494"/>
</kw>
<tag>smoke</tag>
<status status="PASS" starttime="20210426 01:16:03.321" endtime="20210426 01:16:12.495"/>
</test>
<kw name="Finish Session" library="Hooks" type="TEARDOWN">
<kw name="Capture Page Screenshot" library="SeleniumLibrary">
<doc>Takes a screenshot of the current page and embeds it into a log file.</doc>
<msg timestamp="20210426 01:16:12.616" level="INFO" html="true">&lt;/td&gt;&lt;/tr&gt;&lt;tr&gt;&lt;td colspan="3"&gt;&lt;a href="selenium-screenshot-186.png"&gt;&lt;img src="selenium-screenshot-186.png" width="800px"&gt;&lt;/a&gt;</msg>
<status status="PASS" starttime="20210426 01:16:12.496" endtime="20210426 01:16:12.616"/>
</kw>
<kw name="Close All Browsers" library="SeleniumLibrary">
<doc>Closes all open browsers and resets the browser cache.</doc>
<status status="PASS" starttime="20210426 01:16:12.616" endtime="20210426 01:16:14.731"/>
</kw>
<status status="PASS" starttime="20210426 01:16:12.496" endtime="20210426 01:16:14.731"/>
</kw>
<doc>Check Sign In functionality</doc>
<status status="PASS" starttime="20210426 01:15:53.068" endtime="20210426 01:16:14.731"/>
</suite>
<statistics>
<total>
<stat pass="1" fail="0" skip="0">All Tests</stat>
</total>
<tag>
<stat pass="1" fail="0" skip="0">smoke</stat>
</tag>
<suite>
<stat pass="1" fail="0" skip="0" id="s1" name="Dashboard">Dashboard</stat>
</suite>
</statistics>
<errors>
</errors>
</robot>
