<?xml version="1.0" encoding="UTF-8"?>
<robot generator="Robot 4.0 (Python 3.9.1 on win32)" generated="20210408 01:46:54.743" rpa="false" schemaversion="2">
<suite id="s1" name="Tests" source="C:\RobotFramework\projectRobotWeb\Tests">
<suite id="s1-s1" name="Home" source="C:\RobotFramework\projectRobotWeb\Tests\Home">
<suite id="s1-s1-s1" name="HomeTest" source="C:\RobotFramework\projectRobotWeb\Tests\Home\HomeTest.robot">
<test id="s1-s1-s1-t1" name="Scenario1: Search valid content">
<kw name="Start Session" library="hooks" type="SETUP">
<kw name="Open Browser" library="SeleniumLibrary">
<arg>${BASE_URL}</arg>
<arg>${BROWSER}</arg>
<doc>Opens a new browser instance to the optional ``url``.</doc>
<msg timestamp="20210408 01:46:54.927" level="INFO">Opening browser 'chrome' to base url 'http://automationpractice.com/index.php'.</msg>
<status status="PASS" starttime="20210408 01:46:54.927" endtime="20210408 01:47:07.424"/>
</kw>
<kw name="Set Window Size" library="SeleniumLibrary">
<arg>${WIDTH}</arg>
<arg>${HEIGHT}</arg>
<doc>Sets current windows size to given ``width`` and ``height``.</doc>
<status status="PASS" starttime="20210408 01:47:07.425" endtime="20210408 01:47:07.541"/>
</kw>
<kw name="Set Selenium Implicit Wait" library="SeleniumLibrary">
<arg>${TIMEOUT}</arg>
<doc>Sets the implicit wait value used by Selenium.</doc>
<status status="PASS" starttime="20210408 01:47:07.542" endtime="20210408 01:47:07.543"/>
</kw>
<kw name="Set Selenium Timeout" library="SeleniumLibrary">
<arg>${TIMEOUT}</arg>
<doc>Sets the timeout that is used by various keywords.</doc>
<status status="PASS" starttime="20210408 01:47:07.543" endtime="20210408 01:47:07.544"/>
</kw>
<kw name="Title Should Be" library="SeleniumLibrary">
<arg>My Store</arg>
<doc>Verifies that the current page title equals ``title``.</doc>
<msg timestamp="20210408 01:47:07.547" level="INFO">Page title is 'My Store'.</msg>
<status status="PASS" starttime="20210408 01:47:07.544" endtime="20210408 01:47:07.547"/>
</kw>
<status status="PASS" starttime="20210408 01:46:54.927" endtime="20210408 01:47:07.547"/>
</kw>
<kw name="Given that I want to search for &quot;Item 1&quot;" sourcename="Given that I want to search for &quot;${item}&quot;">
<kw name="Set Test Variable" library="BuiltIn">
<arg>${item}</arg>
<doc>Makes a variable available everywhere within the scope of the current test.</doc>
<msg timestamp="20210408 01:47:07.548" level="INFO">${item} = Item 1</msg>
<status status="PASS" starttime="20210408 01:47:07.548" endtime="20210408 01:47:07.548"/>
</kw>
<status status="PASS" starttime="20210408 01:47:07.548" endtime="20210408 01:47:07.548"/>
</kw>
<kw name="When I search for this">
<kw name="Input Text" library="SeleniumLibrary">
<arg>${searchText}</arg>
<arg>${item}</arg>
<doc>Types the given ``text`` into the text field identified by ``locator``.</doc>
<msg timestamp="20210408 01:47:07.549" level="INFO">Typing text 'Item 1' into text field 'id:search_query_top'.</msg>
<status status="PASS" starttime="20210408 01:47:07.549" endtime="20210408 01:47:07.626"/>
</kw>
<kw name="Click Button" library="SeleniumLibrary">
<arg>${searchButton}</arg>
<doc>Clicks the button identified by ``locator``.</doc>
<msg timestamp="20210408 01:47:07.627" level="INFO">Clicking button 'name:submit_search'.</msg>
<status status="PASS" starttime="20210408 01:47:07.626" endtime="20210408 01:47:10.321"/>
</kw>
<status status="PASS" starttime="20210408 01:47:07.549" endtime="20210408 01:47:10.321"/>
</kw>
<kw name="Then I must see the results">
<kw name="Title Should Be" library="SeleniumLibrary">
<arg>Search - My Store</arg>
<doc>Verifies that the current page title equals ``title``.</doc>
<msg timestamp="20210408 01:47:10.326" level="INFO">Page title is 'Search - My Store'.</msg>
<status status="PASS" starttime="20210408 01:47:10.322" endtime="20210408 01:47:10.326"/>
</kw>
<kw name="Wait Until Element Is Visible" library="SeleniumLibrary">
<arg>${searchResults}</arg>
<doc>Waits until the element ``locator`` is visible.</doc>
<status status="PASS" starttime="20210408 01:47:10.327" endtime="20210408 01:47:10.346"/>
</kw>
<kw name="Element Should Be Visible" library="SeleniumLibrary">
<arg>${searchResults}</arg>
<doc>Verifies that the element identified by ``locator`` is visible.</doc>
<msg timestamp="20210408 01:47:10.362" level="INFO">Element 'css:.product-listing' is displayed.</msg>
<status status="PASS" starttime="20210408 01:47:10.346" endtime="20210408 01:47:10.362"/>
</kw>
<status status="PASS" starttime="20210408 01:47:10.321" endtime="20210408 01:47:10.362"/>
</kw>
<kw name="Finish Session" library="hooks" type="TEARDOWN">
<kw name="Capture Page Screenshot" library="SeleniumLibrary">
<doc>Takes a screenshot of the current page and embeds it into a log file.</doc>
<msg timestamp="20210408 01:47:10.660" level="INFO" html="true">&lt;/td&gt;&lt;/tr&gt;&lt;tr&gt;&lt;td colspan="3"&gt;&lt;a href="selenium-screenshot-6.png"&gt;&lt;img src="selenium-screenshot-6.png" width="800px"&gt;&lt;/a&gt;</msg>
<status status="PASS" starttime="20210408 01:47:10.363" endtime="20210408 01:47:10.660"/>
</kw>
<kw name="Close Browser" library="SeleniumLibrary">
<doc>Closes the current browser.</doc>
<status status="PASS" starttime="20210408 01:47:10.660" endtime="20210408 01:47:12.786"/>
</kw>
<status status="PASS" starttime="20210408 01:47:10.362" endtime="20210408 01:47:12.786"/>
</kw>
<status status="PASS" starttime="20210408 01:46:54.926" endtime="20210408 01:47:12.786"/>
</test>
<doc>Test Home Screen</doc>
<status status="PASS" starttime="20210408 01:46:54.766" endtime="20210408 01:47:12.788"/>
</suite>
<status status="PASS" starttime="20210408 01:46:54.764" endtime="20210408 01:47:12.789"/>
</suite>
<status status="PASS" starttime="20210408 01:46:54.744" endtime="20210408 01:47:12.791"/>
</suite>
<statistics>
<total>
<stat pass="1" fail="0" skip="0">All Tests</stat>
</total>
<tag>
</tag>
<suite>
<stat pass="1" fail="0" skip="0" id="s1" name="Tests">Tests</stat>
<stat pass="1" fail="0" skip="0" id="s1-s1" name="Home">Tests.Home</stat>
<stat pass="1" fail="0" skip="0" id="s1-s1-s1" name="HomeTest">Tests.Home.HomeTest</stat>
</suite>
</statistics>
<errors>
</errors>
</robot>
