<?xml version="1.0" encoding="UTF-8"?>
<robot generator="Robot 4.0 (Python 3.9.1 on win32)" generated="20210410 02:37:18.255" rpa="false" schemaversion="2">
<suite id="s1" name="homeTest" source="C:\RobotFramework\projectRobotWeb\Tests\Home\homeTest.robot">
<kw name="Start Session" library="Hooks" type="SETUP">
<kw name="Open Browser" library="SeleniumLibrary">
<arg>${BASE_URL}</arg>
<arg>${BROWSER}</arg>
<doc>Opens a new browser instance to the optional ``url``.</doc>
<msg timestamp="20210410 02:37:18.433" level="INFO">Opening browser 'chrome' to base url 'http://automationpractice.com/index.php'.</msg>
<status status="PASS" starttime="20210410 02:37:18.433" endtime="20210410 02:37:28.332"/>
</kw>
<kw name="Set Window Size" library="SeleniumLibrary">
<arg>${WIDTH}</arg>
<arg>${HEIGHT}</arg>
<doc>Sets current windows size to given ``width`` and ``height``.</doc>
<status status="PASS" starttime="20210410 02:37:28.332" endtime="20210410 02:37:28.447"/>
</kw>
<kw name="Set Selenium Implicit Wait" library="SeleniumLibrary">
<arg>${TIMEOUT}</arg>
<doc>Sets the implicit wait value used by Selenium.</doc>
<status status="PASS" starttime="20210410 02:37:28.448" endtime="20210410 02:37:28.448"/>
</kw>
<kw name="Set Selenium Timeout" library="SeleniumLibrary">
<arg>${TIMEOUT}</arg>
<doc>Sets the timeout that is used by various keywords.</doc>
<status status="PASS" starttime="20210410 02:37:28.449" endtime="20210410 02:37:28.449"/>
</kw>
<kw name="Title Should Be" library="SeleniumLibrary">
<arg>My Store</arg>
<doc>Verifies that the current page title equals ``title``.</doc>
<msg timestamp="20210410 02:37:28.453" level="INFO">Page title is 'My Store'.</msg>
<status status="PASS" starttime="20210410 02:37:28.449" endtime="20210410 02:37:28.453"/>
</kw>
<status status="PASS" starttime="20210410 02:37:18.432" endtime="20210410 02:37:28.453"/>
</kw>
<test id="s1-t1" name="Scenario5: See home slider and offers">
<kw name="Then I see the Home slider" library="HomePage">
<kw name="Element Should Be Visible" library="SeleniumLibrary">
<arg>${homeSlider}</arg>
<doc>Verifies that the element identified by ``locator`` is visible.</doc>
<msg timestamp="20210410 02:37:28.473" level="INFO">Element 'id:homepage-slider' is displayed.</msg>
<status status="PASS" starttime="20210410 02:37:28.454" endtime="20210410 02:37:28.473"/>
</kw>
<status status="PASS" starttime="20210410 02:37:28.454" endtime="20210410 02:37:28.473"/>
</kw>
<kw name="And banner offers" library="HomePage">
<kw name="Element Should Be Visible" library="SeleniumLibrary">
<arg>${bannerOffers}</arg>
<doc>Verifies that the element identified by ``locator`` is visible.</doc>
<msg timestamp="20210410 02:37:28.494" level="INFO">Element 'id:htmlcontent_top' is displayed.</msg>
<status status="PASS" starttime="20210410 02:37:28.474" endtime="20210410 02:37:28.494"/>
</kw>
<status status="PASS" starttime="20210410 02:37:28.473" endtime="20210410 02:37:28.494"/>
</kw>
<kw name="And I can navigate throught home slider images" library="HomePage">
<kw name="Click Element" library="SeleniumLibrary">
<arg>${homeSliderNextButton}</arg>
<doc>Click the element identified by ``locator``.</doc>
<msg timestamp="20210410 02:37:28.495" level="INFO">Clicking element 'css:.bx-next'.</msg>
<status status="PASS" starttime="20210410 02:37:28.495" endtime="20210410 02:37:28.536"/>
</kw>
<kw name="Click Element" library="SeleniumLibrary">
<arg>${homeSliderPrevButton}</arg>
<doc>Click the element identified by ``locator``.</doc>
<msg timestamp="20210410 02:37:28.536" level="INFO">Clicking element 'css:.bx-prev'.</msg>
<status status="PASS" starttime="20210410 02:37:28.536" endtime="20210410 02:37:28.575"/>
</kw>
<status status="PASS" starttime="20210410 02:37:28.495" endtime="20210410 02:37:28.575"/>
</kw>
<tag>doing</tag>
<status status="PASS" starttime="20210410 02:37:28.453" endtime="20210410 02:37:28.576"/>
</test>
<kw name="Finish Session" library="Hooks" type="TEARDOWN">
<kw name="Capture Page Screenshot" library="SeleniumLibrary">
<doc>Takes a screenshot of the current page and embeds it into a log file.</doc>
<msg timestamp="20210410 02:37:29.101" level="INFO" html="true">&lt;/td&gt;&lt;/tr&gt;&lt;tr&gt;&lt;td colspan="3"&gt;&lt;a href="selenium-screenshot-66.png"&gt;&lt;img src="selenium-screenshot-66.png" width="800px"&gt;&lt;/a&gt;</msg>
<status status="PASS" starttime="20210410 02:37:28.578" endtime="20210410 02:37:29.102"/>
</kw>
<kw name="Close Browser" library="SeleniumLibrary">
<doc>Closes the current browser.</doc>
<status status="PASS" starttime="20210410 02:37:29.102" endtime="20210410 02:37:32.013"/>
</kw>
<status status="PASS" starttime="20210410 02:37:28.578" endtime="20210410 02:37:32.013"/>
</kw>
<doc>Check Search functionality</doc>
<status status="PASS" starttime="20210410 02:37:18.257" endtime="20210410 02:37:32.013"/>
</suite>
<statistics>
<total>
<stat pass="1" fail="0" skip="0">All Tests</stat>
</total>
<tag>
<stat pass="1" fail="0" skip="0">doing</stat>
</tag>
<suite>
<stat pass="1" fail="0" skip="0" id="s1" name="homeTest">homeTest</stat>
</suite>
</statistics>
<errors>
</errors>
</robot>
