<?xml version="1.0" encoding="UTF-8"?>
<robot generator="Robot 4.0 (Python 3.9.1 on win32)" generated="20210417 21:25:44.395" rpa="false" schemaversion="2">
<suite id="s1" name="Cart" source="C:\RobotFramework\projectRobotWeb\Tests\Cart">
<suite id="s1-s1" name="cartTest" source="C:\RobotFramework\projectRobotWeb\Tests\Cart\cartTest.robot">
<test id="s1-s1-t1" name="Scenario1: Remove item in the Cart">
<kw name="Start Session" library="Hooks" type="SETUP">
<kw name="Open Browser" library="SeleniumLibrary">
<arg>${BASE_URL}</arg>
<arg>${BROWSER}</arg>
<doc>Opens a new browser instance to the optional ``url``.</doc>
<msg timestamp="20210417 21:25:44.912" level="INFO">Opening browser 'chrome' to base url 'http://automationpractice.com/index.php'.</msg>
<status status="PASS" starttime="20210417 21:25:44.912" endtime="20210417 21:25:54.879"/>
</kw>
<kw name="Set Window Size" library="SeleniumLibrary">
<arg>${WIDTH}</arg>
<arg>${HEIGHT}</arg>
<doc>Sets current windows size to given ``width`` and ``height``.</doc>
<status status="PASS" starttime="20210417 21:25:54.879" endtime="20210417 21:25:54.999"/>
</kw>
<kw name="Set Selenium Implicit Wait" library="SeleniumLibrary">
<arg>${TIMEOUT}</arg>
<doc>Sets the implicit wait value used by Selenium.</doc>
<status status="PASS" starttime="20210417 21:25:54.999" endtime="20210417 21:25:55.001"/>
</kw>
<kw name="Set Selenium Timeout" library="SeleniumLibrary">
<arg>${TIMEOUT}</arg>
<doc>Sets the timeout that is used by various keywords.</doc>
<status status="PASS" starttime="20210417 21:25:55.001" endtime="20210417 21:25:55.002"/>
</kw>
<kw name="Title Should Be" library="SeleniumLibrary">
<arg>My Store</arg>
<doc>Verifies that the current page title equals ``title``.</doc>
<msg timestamp="20210417 21:25:55.006" level="INFO">Page title is 'My Store'.</msg>
<status status="PASS" starttime="20210417 21:25:55.002" endtime="20210417 21:25:55.006"/>
</kw>
<status status="PASS" starttime="20210417 21:25:44.912" endtime="20210417 21:25:55.006"/>
</kw>
<kw name="Search Item" library="SearchPage">
<arg>t-shirts</arg>
<kw name="Given that I want to search for &quot;${item}&quot;" library="SearchPage" sourcename="Given that I want to search for &quot;${item}&quot;">
<kw name="Set Test Variable" library="BuiltIn">
<arg>${item}</arg>
<doc>Makes a variable available everywhere within the scope of the current test.</doc>
<msg timestamp="20210417 21:25:55.008" level="INFO">${item} = t-shirts</msg>
<status status="PASS" starttime="20210417 21:25:55.007" endtime="20210417 21:25:55.008"/>
</kw>
<status status="PASS" starttime="20210417 21:25:55.007" endtime="20210417 21:25:55.008"/>
</kw>
<kw name="When I search for this" library="SearchPage">
<kw name="Input Text" library="SeleniumLibrary">
<arg>${searchText}</arg>
<arg>${item}</arg>
<doc>Types the given ``text`` into the text field identified by ``locator``.</doc>
<msg timestamp="20210417 21:25:55.008" level="INFO">Typing text 't-shirts' into text field 'id:search_query_top'.</msg>
<status status="PASS" starttime="20210417 21:25:55.008" endtime="20210417 21:25:55.093"/>
</kw>
<kw name="Click Button" library="SeleniumLibrary">
<arg>${searchButton}</arg>
<doc>Clicks the button identified by ``locator``.</doc>
<msg timestamp="20210417 21:25:55.093" level="INFO">Clicking button 'name:submit_search'.</msg>
<status status="PASS" starttime="20210417 21:25:55.093" endtime="20210417 21:25:55.158"/>
</kw>
<status status="PASS" starttime="20210417 21:25:55.008" endtime="20210417 21:25:55.158"/>
</kw>
<kw name="Then I must see the results" library="SearchPage">
<kw name="Wait Until Element Is Visible" library="SeleniumLibrary">
<arg>${searchResults}</arg>
<doc>Waits until the element ``locator`` is visible.</doc>
<status status="PASS" starttime="20210417 21:25:55.158" endtime="20210417 21:26:00.931"/>
</kw>
<kw name="Element Should Be Visible" library="SeleniumLibrary">
<arg>${resultList}</arg>
<doc>Verifies that the element identified by ``locator`` is visible.</doc>
<msg timestamp="20210417 21:26:00.950" level="INFO">Element 'css:.product_list.grid.row' is displayed.</msg>
<status status="PASS" starttime="20210417 21:26:00.931" endtime="20210417 21:26:00.951"/>
</kw>
<kw name="Element Should Be Visible" library="SeleniumLibrary">
<arg>xpath://span[contains(text(),"${item}")]</arg>
<doc>Verifies that the element identified by ``locator`` is visible.</doc>
<msg timestamp="20210417 21:26:00.968" level="INFO">Element 'xpath://span[contains(text(),"t-shirts")]' is displayed.</msg>
<status status="PASS" starttime="20210417 21:26:00.951" endtime="20210417 21:26:00.968"/>
</kw>
<status status="PASS" starttime="20210417 21:25:55.158" endtime="20210417 21:26:00.968"/>
</kw>
<status status="PASS" starttime="20210417 21:25:55.007" endtime="20210417 21:26:00.968"/>
</kw>
<kw name="When I add this item to the cart" library="SearchPage">
<kw name="Wait Until Element Is Visible" library="SeleniumLibrary">
<arg>${productFoundCountainer}</arg>
<doc>Waits until the element ``locator`` is visible.</doc>
<status status="PASS" starttime="20210417 21:26:00.969" endtime="20210417 21:26:00.985"/>
</kw>
<kw name="When I scroll down to the bottom" library="HomePage">
<kw name="Execute Javascript" library="SeleniumLibrary">
<arg>window.scrollTo(0,document.body.scrollHeight)</arg>
<doc>Executes the given JavaScript code with possible arguments.</doc>
<msg timestamp="20210417 21:26:00.986" level="INFO">Executing JavaScript:
window.scrollTo(0,document.body.scrollHeight)
Without any arguments.</msg>
<status status="PASS" starttime="20210417 21:26:00.986" endtime="20210417 21:26:00.991"/>
</kw>
<kw name="Wait Until Element Is Visible" library="SeleniumLibrary">
<arg>${newsletterSubmitButton}</arg>
<doc>Waits until the element ``locator`` is visible.</doc>
<status status="PASS" starttime="20210417 21:26:00.991" endtime="20210417 21:26:01.009"/>
</kw>
<kw name="Element Should Be Visible" library="SeleniumLibrary">
<arg>${newsletterSubmitButton}</arg>
<doc>Verifies that the element identified by ``locator`` is visible.</doc>
<msg timestamp="20210417 21:26:01.023" level="INFO">Element 'name:submitNewsletter' is displayed.</msg>
<status status="PASS" starttime="20210417 21:26:01.010" endtime="20210417 21:26:01.023"/>
</kw>
<status status="PASS" starttime="20210417 21:26:00.985" endtime="20210417 21:26:01.023"/>
</kw>
<kw name="Wait Until Element Is Visible" library="SeleniumLibrary">
<arg>${productFoundCountainer}</arg>
<doc>Waits until the element ``locator`` is visible.</doc>
<status status="PASS" starttime="20210417 21:26:01.023" endtime="20210417 21:26:01.035"/>
</kw>
<kw name="Mouse Over" library="SeleniumLibrary">
<arg>${productFoundCountainer}</arg>
<doc>Simulates hovering the mouse over the element ``locator``.</doc>
<msg timestamp="20210417 21:26:01.035" level="INFO">Simulating Mouse Over on element 'css:div.product-container'.</msg>
<status status="PASS" starttime="20210417 21:26:01.035" endtime="20210417 21:26:01.309"/>
</kw>
<kw name="Wait Until Element Is Visible" library="SeleniumLibrary">
<arg>${itemHovered}</arg>
<doc>Waits until the element ``locator`` is visible.</doc>
<status status="PASS" starttime="20210417 21:26:01.309" endtime="20210417 21:26:01.326"/>
</kw>
<kw name="Wait Until Element Is Visible" library="SeleniumLibrary">
<arg>${addToCartButton}</arg>
<doc>Waits until the element ``locator`` is visible.</doc>
<status status="PASS" starttime="20210417 21:26:01.326" endtime="20210417 21:26:01.341"/>
</kw>
<kw name="Click Element" library="SeleniumLibrary">
<arg>${addToCartButton}</arg>
<doc>Click the element identified by ``locator``.</doc>
<msg timestamp="20210417 21:26:01.342" level="INFO">Clicking element 'css:a[class*=add_to_cart]'.</msg>
<status status="PASS" starttime="20210417 21:26:01.342" endtime="20210417 21:26:01.374"/>
</kw>
<status status="PASS" starttime="20210417 21:26:00.969" endtime="20210417 21:26:01.374"/>
</kw>
<kw name="And I close the modal checkout" library="CartPage">
<kw name="Wait Until Element Is Visible" library="SeleniumLibrary">
<arg>${cartModal}</arg>
<doc>Waits until the element ``locator`` is visible.</doc>
<status status="PASS" starttime="20210417 21:26:01.375" endtime="20210417 21:26:02.243"/>
</kw>
<kw name="Click Element" library="SeleniumLibrary">
<arg>${closeModalButton}</arg>
<doc>Click the element identified by ``locator``.</doc>
<msg timestamp="20210417 21:26:02.244" level="INFO">Clicking element 'class:cross'.</msg>
<status status="PASS" starttime="20210417 21:26:02.244" endtime="20210417 21:26:02.277"/>
</kw>
<kw name="Wait Until Element Is Not Visible" library="SeleniumLibrary">
<arg>${cartModal}</arg>
<doc>Waits until the element ``locator`` is not visible.</doc>
<status status="PASS" starttime="20210417 21:26:02.277" endtime="20210417 21:26:02.714"/>
</kw>
<status status="PASS" starttime="20210417 21:26:01.375" endtime="20210417 21:26:02.714"/>
</kw>
<kw name="And I open the cart" library="CartPage">
<kw name="Wait Until Element Is Visible" library="SeleniumLibrary">
<arg>${shoppingCartButton}</arg>
<doc>Waits until the element ``locator`` is visible.</doc>
<status status="PASS" starttime="20210417 21:26:02.715" endtime="20210417 21:26:02.731"/>
</kw>
<kw name="Mouse Over" library="SeleniumLibrary">
<arg>${shoppingCartButton}</arg>
<doc>Simulates hovering the mouse over the element ``locator``.</doc>
<msg timestamp="20210417 21:26:02.732" level="INFO">Simulating Mouse Over on element 'css:.shopping_cart a'.</msg>
<status status="PASS" starttime="20210417 21:26:02.731" endtime="20210417 21:26:03.013"/>
</kw>
<kw name="Click Element" library="SeleniumLibrary">
<arg>${checkOutButton}</arg>
<doc>Click the element identified by ``locator``.</doc>
<msg timestamp="20210417 21:26:03.013" level="INFO">Clicking element 'id:button_order_cart'.</msg>
<status status="PASS" starttime="20210417 21:26:03.013" endtime="20210417 21:26:08.493"/>
</kw>
<status status="PASS" starttime="20210417 21:26:02.715" endtime="20210417 21:26:08.494"/>
</kw>
<kw name="And I check the item &quot;T-shirts&quot; in the cart" library="CartPage" sourcename="And I check the item &quot;${searchItem}&quot; in the cart">
<kw name="Then I must check this item &quot;${searchItem}&quot; in the cart" library="CartPage" sourcename="Then I must check this item &quot;${searchItem}&quot; in the cart">
<kw name="Wait Until Element Is Visible" library="SeleniumLibrary">
<arg>${cartSummary}</arg>
<doc>Waits until the element ``locator`` is visible.</doc>
<status status="PASS" starttime="20210417 21:26:08.495" endtime="20210417 21:26:08.514"/>
</kw>
<kw name="Get Title" library="SeleniumLibrary">
<var>${orderPageTitle}</var>
<doc>Returns the title of the current page.</doc>
<msg timestamp="20210417 21:26:08.518" level="INFO">${orderPageTitle} = Order - My Store</msg>
<status status="PASS" starttime="20210417 21:26:08.514" endtime="20210417 21:26:08.518"/>
</kw>
<kw name="Should Contain" library="BuiltIn">
<arg>${orderPageTitle}</arg>
<arg>Order</arg>
<doc>Fails if ``container`` does not contain ``item`` one or more times.</doc>
<status status="PASS" starttime="20210417 21:26:08.518" endtime="20210417 21:26:08.518"/>
</kw>
<kw name="Element Should Be Visible" library="SeleniumLibrary">
<arg>${cartSummary}</arg>
<doc>Verifies that the element identified by ``locator`` is visible.</doc>
<msg timestamp="20210417 21:26:08.531" level="INFO">Element 'id:cart_summary' is displayed.</msg>
<status status="PASS" starttime="20210417 21:26:08.518" endtime="20210417 21:26:08.531"/>
</kw>
<kw name="Element Should Contain" library="SeleniumLibrary">
<arg>${productInCart}</arg>
<arg>${searchItem}</arg>
<doc>Verifies that element ``locator`` contains text ``expected``.</doc>
<msg timestamp="20210417 21:26:08.550" level="INFO">Element 'css:#order-detail-content p.product-name' contains text 'T-shirts'.</msg>
<status status="PASS" starttime="20210417 21:26:08.531" endtime="20210417 21:26:08.550"/>
</kw>
<status status="PASS" starttime="20210417 21:26:08.494" endtime="20210417 21:26:08.550"/>
</kw>
<status status="PASS" starttime="20210417 21:26:08.494" endtime="20210417 21:26:08.550"/>
</kw>
<kw name="And I remove it" library="CartPage">
<kw name="Click Element" library="SeleniumLibrary">
<arg>${deleteItemButton}</arg>
<doc>Click the element identified by ``locator``.</doc>
<msg timestamp="20210417 21:26:08.551" level="INFO">Clicking element 'class:icon-trash'.</msg>
<status status="PASS" starttime="20210417 21:26:08.551" endtime="20210417 21:26:08.591"/>
</kw>
<status status="PASS" starttime="20210417 21:26:08.551" endtime="20210417 21:26:08.591"/>
</kw>
<kw name="Then I must see the message &quot;Your shopping cart is empty.&quot;" library="SearchPage" sourcename="Then I must see the message &quot;${message}&quot;">
<kw name="Wait Until Element Is Visible" library="SeleniumLibrary">
<arg>${alertMessage}</arg>
<doc>Waits until the element ``locator`` is visible.</doc>
<status status="PASS" starttime="20210417 21:26:08.592" endtime="20210417 21:26:10.048"/>
</kw>
<kw name="Element Should Contain" library="SeleniumLibrary">
<arg>${alertMessage}</arg>
<arg>${message}</arg>
<doc>Verifies that element ``locator`` contains text ``expected``.</doc>
<msg timestamp="20210417 21:26:10.063" level="INFO">Element 'css:.alert-warning' contains text 'Your shopping cart is empty.'.</msg>
<status status="PASS" starttime="20210417 21:26:10.048" endtime="20210417 21:26:10.063"/>
</kw>
<status status="PASS" starttime="20210417 21:26:08.592" endtime="20210417 21:26:10.064"/>
</kw>
<kw name="Finish Session" library="Hooks" type="TEARDOWN">
<kw name="Capture Page Screenshot" library="SeleniumLibrary">
<doc>Takes a screenshot of the current page and embeds it into a log file.</doc>
<msg timestamp="20210417 21:26:10.341" level="INFO" html="true">&lt;/td&gt;&lt;/tr&gt;&lt;tr&gt;&lt;td colspan="3"&gt;&lt;a href="selenium-screenshot-63.png"&gt;&lt;img src="selenium-screenshot-63.png" width="800px"&gt;&lt;/a&gt;</msg>
<status status="PASS" starttime="20210417 21:26:10.064" endtime="20210417 21:26:10.341"/>
</kw>
<kw name="Close Browser" library="SeleniumLibrary">
<doc>Closes the current browser.</doc>
<status status="PASS" starttime="20210417 21:26:10.342" endtime="20210417 21:26:12.473"/>
</kw>
<status status="PASS" starttime="20210417 21:26:10.064" endtime="20210417 21:26:12.473"/>
</kw>
<tag>doing</tag>
<status status="PASS" starttime="20210417 21:25:44.911" endtime="20210417 21:26:12.474"/>
</test>
<doc>Check Search functionality</doc>
<status status="PASS" starttime="20210417 21:25:44.415" endtime="20210417 21:26:12.475"/>
</suite>
<status status="PASS" starttime="20210417 21:25:44.396" endtime="20210417 21:26:12.477"/>
</suite>
<statistics>
<total>
<stat pass="1" fail="0" skip="0">All Tests</stat>
</total>
<tag>
<stat pass="1" fail="0" skip="0">doing</stat>
</tag>
<suite>
<stat pass="1" fail="0" skip="0" id="s1" name="Cart">Cart</stat>
<stat pass="1" fail="0" skip="0" id="s1-s1" name="cartTest">Cart.cartTest</stat>
</suite>
</statistics>
<errors>
</errors>
</robot>
